=== ALRANSAVK (HLA-A*03:01) ===
11:36:29 [INFO] run_decoy: Target: ALRANSAVK | HLA: HLA-A*03:01 | Strategies: ['a']
11:36:29 [INFO] run_decoy.A: === Decoy A: Sequence Homology Scan ===
11:36:29 [INFO] run_decoy.A: Target: ALRANSAVK | HLA: HLA-A*03:01
11:36:29 [INFO] numexpr.utils: Note: detected 176 virtual cores but NumExpr set to maximum of 64, check "NUMEXPR_MAX_THREADS" environment variable.
11:36:29 [INFO] numexpr.utils: Note: NumExpr detected 176 cores but "NUMEXPR_MAX_THREADS" not set, so enforcing safe limit of 16.
11:36:29 [INFO] numexpr.utils: NumExpr defaulting to 16 threads.
11:36:29 [INFO] decoy_a.scanner: Decoy A scan: target=ALRANSAVK (len=9), HLA=HLA-A*03:01, max_hamming=4
11:36:31 [INFO] decoy_a.scanner: Candidates of length 9 (excluding Non_Binders): 611022
11:36:33 [INFO] decoy_a.scanner: Decoy A: 519 hits within Hamming distance ≤ 4
11:36:33 [INFO] decoy_a.scanner: Decoy A complete: 519 hits (1-mismatch: 0, 2-mismatch: 0)
11:36:36 [INFO] run_decoy.A: Decoy A: 519 hits -> /share/liuyutian/pMHC_decoy_library/data/decoy_a/ALRANSAVK/decoy_a_results.json
11:36:36 [INFO] run_decoy: All requested strategies completed.
=== ATVVIGTSK (HLA-A*03:01) ===
11:36:37 [INFO] run_decoy: Target: ATVVIGTSK | HLA: HLA-A*03:01 | Strategies: ['a']
11:36:37 [INFO] run_decoy.A: === Decoy A: Sequence Homology Scan ===
11:36:37 [INFO] run_decoy.A: Target: ATVVIGTSK | HLA: HLA-A*03:01
11:36:37 [INFO] numexpr.utils: Note: detected 176 virtual cores but NumExpr set to maximum of 64, check "NUMEXPR_MAX_THREADS" environment variable.
11:36:37 [INFO] numexpr.utils: Note: NumExpr detected 176 cores but "NUMEXPR_MAX_THREADS" not set, so enforcing safe limit of 16.
11:36:37 [INFO] numexpr.utils: NumExpr defaulting to 16 threads.
11:36:37 [INFO] decoy_a.scanner: Decoy A scan: target=ATVVIGTSK (len=9), HLA=HLA-A*03:01, max_hamming=4
11:36:39 [INFO] decoy_a.scanner: Candidates of length 9 (excluding Non_Binders): 611022
11:36:40 [INFO] decoy_a.scanner: Decoy A: 330 hits within Hamming distance ≤ 4
11:36:40 [INFO] decoy_a.scanner: Decoy A complete: 330 hits (1-mismatch: 0, 2-mismatch: 0)
11:36:43 [INFO] run_decoy.A: Decoy A: 330 hits -> /share/liuyutian/pMHC_decoy_library/data/decoy_a/ATVVIGTSK/decoy_a_results.json
11:36:43 [INFO] run_decoy: All requested strategies completed.
=== AVLQSGFRK (HLA-A*03:01) ===
11:36:44 [INFO] run_decoy: Target: AVLQSGFRK | HLA: HLA-A*03:01 | Strategies: ['a']
11:36:44 [INFO] run_decoy.A: === Decoy A: Sequence Homology Scan ===
11:36:44 [INFO] run_decoy.A: Target: AVLQSGFRK | HLA: HLA-A*03:01
11:36:44 [INFO] numexpr.utils: Note: detected 176 virtual cores but NumExpr set to maximum of 64, check "NUMEXPR_MAX_THREADS" environment variable.
11:36:44 [INFO] numexpr.utils: Note: NumExpr detected 176 cores but "NUMEXPR_MAX_THREADS" not set, so enforcing safe limit of 16.
11:36:44 [INFO] numexpr.utils: NumExpr defaulting to 16 threads.
11:36:44 [INFO] decoy_a.scanner: Decoy A scan: target=AVLQSGFRK (len=9), HLA=HLA-A*03:01, max_hamming=4
11:36:46 [INFO] decoy_a.scanner: Candidates of length 9 (excluding Non_Binders): 611022
11:36:47 [INFO] decoy_a.scanner: Decoy A: 477 hits within Hamming distance ≤ 4
11:36:47 [INFO] decoy_a.scanner: Decoy A complete: 477 hits (1-mismatch: 0, 2-mismatch: 0)
11:36:51 [INFO] run_decoy.A: Decoy A: 477 hits -> /share/liuyutian/pMHC_decoy_library/data/decoy_a/AVLQSGFRK/decoy_a_results.json
11:36:51 [INFO] run_decoy: All requested strategies completed.
=== GVAMPNLYK (HLA-A*03:01) ===
11:36:52 [INFO] run_decoy: Target: GVAMPNLYK | HLA: HLA-A*03:01 | Strategies: ['a']
11:36:53 [INFO] run_decoy.A: === Decoy A: Sequence Homology Scan ===
11:36:53 [INFO] run_decoy.A: Target: GVAMPNLYK | HLA: HLA-A*03:01
11:36:53 [INFO] numexpr.utils: Note: detected 176 virtual cores but NumExpr set to maximum of 64, check "NUMEXPR_MAX_THREADS" environment variable.
11:36:53 [INFO] numexpr.utils: Note: NumExpr detected 176 cores but "NUMEXPR_MAX_THREADS" not set, so enforcing safe limit of 16.
11:36:53 [INFO] numexpr.utils: NumExpr defaulting to 16 threads.
11:36:53 [INFO] decoy_a.scanner: Decoy A scan: target=GVAMPNLYK (len=9), HLA=HLA-A*03:01, max_hamming=4
11:36:55 [INFO] decoy_a.scanner: Candidates of length 9 (excluding Non_Binders): 611022
11:36:55 [INFO] decoy_a.scanner: Decoy A: 175 hits within Hamming distance ≤ 4
11:36:55 [INFO] decoy_a.scanner: Decoy A complete: 175 hits (1-mismatch: 0, 2-mismatch: 0)
11:37:00 [INFO] run_decoy.A: Decoy A: 175 hits -> /share/liuyutian/pMHC_decoy_library/data/decoy_a/GVAMPNLYK/decoy_a_results.json
11:37:00 [INFO] run_decoy: All requested strategies completed.
=== QQQQGQTVTK (HLA-A*03:01) ===
11:37:00 [INFO] run_decoy: Target: QQQQGQTVTK | HLA: HLA-A*03:01 | Strategies: ['a']
11:37:01 [INFO] run_decoy.A: === Decoy A: Sequence Homology Scan ===
11:37:01 [INFO] run_decoy.A: Target: QQQQGQTVTK | HLA: HLA-A*03:01
11:37:01 [INFO] numexpr.utils: Note: detected 176 virtual cores but NumExpr set to maximum of 64, check "NUMEXPR_MAX_THREADS" environment variable.
11:37:01 [INFO] numexpr.utils: Note: NumExpr detected 176 cores but "NUMEXPR_MAX_THREADS" not set, so enforcing safe limit of 16.
11:37:01 [INFO] numexpr.utils: NumExpr defaulting to 16 threads.
11:37:01 [INFO] decoy_a.scanner: Decoy A scan: target=QQQQGQTVTK (len=10), HLA=HLA-A*03:01, max_hamming=4
11:37:02 [INFO] decoy_a.scanner: Candidates of length 10 (excluding Non_Binders): 402484
11:37:03 [INFO] decoy_a.scanner: Decoy A: 29 hits within Hamming distance ≤ 4
11:37:03 [INFO] decoy_a.scanner: Decoy A complete: 29 hits (1-mismatch: 0, 2-mismatch: 0)
11:37:06 [INFO] run_decoy.A: Decoy A: 29 hits -> /share/liuyutian/pMHC_decoy_library/data/decoy_a/QQQQGQTVTK/decoy_a_results.json
11:37:06 [INFO] run_decoy: All requested strategies completed.
=== QVPLRPMTYK (HLA-A*03:01) ===
11:37:06 [INFO] run_decoy: Target: QVPLRPMTYK | HLA: HLA-A*03:01 | Strategies: ['a']
11:37:06 [INFO] run_decoy.A: === Decoy A: Sequence Homology Scan ===
11:37:06 [INFO] run_decoy.A: Target: QVPLRPMTYK | HLA: HLA-A*03:01
11:37:07 [INFO] numexpr.utils: Note: detected 176 virtual cores but NumExpr set to maximum of 64, check "NUMEXPR_MAX_THREADS" environment variable.
11:37:07 [INFO] numexpr.utils: Note: NumExpr detected 176 cores but "NUMEXPR_MAX_THREADS" not set, so enforcing safe limit of 16.
11:37:07 [INFO] numexpr.utils: NumExpr defaulting to 16 threads.
11:37:07 [INFO] decoy_a.scanner: Decoy A scan: target=QVPLRPMTYK (len=10), HLA=HLA-A*03:01, max_hamming=4
11:37:08 [INFO] decoy_a.scanner: Candidates of length 10 (excluding Non_Binders): 402484
11:37:09 [INFO] decoy_a.scanner: Decoy A: 11 hits within Hamming distance ≤ 4
11:37:09 [INFO] decoy_a.scanner: Decoy A complete: 11 hits (1-mismatch: 0, 2-mismatch: 0)
11:37:14 [INFO] run_decoy.A: Decoy A: 11 hits -> /share/liuyutian/pMHC_decoy_library/data/decoy_a/QVPLRPMTYK/decoy_a_results.json
11:37:14 [INFO] run_decoy: All requested strategies completed.
=== RLFRKSNLK (HLA-A*03:01) ===
11:37:15 [INFO] run_decoy: Target: RLFRKSNLK | HLA: HLA-A*03:01 | Strategies: ['a']
11:37:15 [INFO] run_decoy.A: === Decoy A: Sequence Homology Scan ===
11:37:15 [INFO] run_decoy.A: Target: RLFRKSNLK | HLA: HLA-A*03:01
11:37:15 [INFO] numexpr.utils: Note: detected 176 virtual cores but NumExpr set to maximum of 64, check "NUMEXPR_MAX_THREADS" environment variable.
11:37:15 [INFO] numexpr.utils: Note: NumExpr detected 176 cores but "NUMEXPR_MAX_THREADS" not set, so enforcing safe limit of 16.
11:37:15 [INFO] numexpr.utils: NumExpr defaulting to 16 threads.
11:37:15 [INFO] decoy_a.scanner: Decoy A scan: target=RLFRKSNLK (len=9), HLA=HLA-A*03:01, max_hamming=4
11:37:17 [INFO] decoy_a.scanner: Candidates of length 9 (excluding Non_Binders): 611022
11:37:18 [INFO] decoy_a.scanner: Decoy A: 531 hits within Hamming distance ≤ 4
11:37:18 [INFO] decoy_a.scanner: Decoy A complete: 531 hits (1-mismatch: 0, 2-mismatch: 2)
11:37:20 [INFO] run_decoy.A: Decoy A: 531 hits -> /share/liuyutian/pMHC_decoy_library/data/decoy_a/RLFRKSNLK/decoy_a_results.json
11:37:20 [INFO] run_decoy: All requested strategies completed.
=== RLRPGGKKK (HLA-A*03:01) ===
11:37:20 [INFO] run_decoy: Target: RLRPGGKKK | HLA: HLA-A*03:01 | Strategies: ['a']
11:37:21 [INFO] run_decoy.A: === Decoy A: Sequence Homology Scan ===
11:37:21 [INFO] run_decoy.A: Target: RLRPGGKKK | HLA: HLA-A*03:01
11:37:21 [INFO] numexpr.utils: Note: detected 176 virtual cores but NumExpr set to maximum of 64, check "NUMEXPR_MAX_THREADS" environment variable.
11:37:21 [INFO] numexpr.utils: Note: NumExpr detected 176 cores but "NUMEXPR_MAX_THREADS" not set, so enforcing safe limit of 16.
11:37:21 [INFO] numexpr.utils: NumExpr defaulting to 16 threads.
11:37:21 [INFO] decoy_a.scanner: Decoy A scan: target=RLRPGGKKK (len=9), HLA=HLA-A*03:01, max_hamming=4
11:37:23 [INFO] decoy_a.scanner: Candidates of length 9 (excluding Non_Binders): 611022
11:37:24 [INFO] decoy_a.scanner: Decoy A: 618 hits within Hamming distance ≤ 4
11:37:24 [INFO] decoy_a.scanner: Decoy A complete: 618 hits (1-mismatch: 0, 2-mismatch: 2)
11:37:28 [INFO] run_decoy.A: Decoy A: 618 hits -> /share/liuyutian/pMHC_decoy_library/data/decoy_a/RLRPGGKKK/decoy_a_results.json
11:37:28 [INFO] run_decoy: All requested strategies completed.
=== RLRPGGKKR (HLA-A*03:01) ===
11:37:29 [INFO] run_decoy: Target: RLRPGGKKR | HLA: HLA-A*03:01 | Strategies: ['a']
11:37:29 [INFO] run_decoy.A: === Decoy A: Sequence Homology Scan ===
11:37:29 [INFO] run_decoy.A: Target: RLRPGGKKR | HLA: HLA-A*03:01
11:37:29 [INFO] numexpr.utils: Note: detected 176 virtual cores but NumExpr set to maximum of 64, check "NUMEXPR_MAX_THREADS" environment variable.
11:37:29 [INFO] numexpr.utils: Note: NumExpr detected 176 cores but "NUMEXPR_MAX_THREADS" not set, so enforcing safe limit of 16.
11:37:29 [INFO] numexpr.utils: NumExpr defaulting to 16 threads.
11:37:29 [INFO] decoy_a.scanner: Decoy A scan: target=RLRPGGKKR (len=9), HLA=HLA-A*03:01, max_hamming=4
11:37:31 [INFO] decoy_a.scanner: Candidates of length 9 (excluding Non_Binders): 611022
11:37:32 [INFO] decoy_a.scanner: Decoy A: 485 hits within Hamming distance ≤ 4
11:37:32 [INFO] decoy_a.scanner: Decoy A complete: 485 hits (1-mismatch: 0, 2-mismatch: 3)
11:37:35 [INFO] run_decoy.A: Decoy A: 485 hits -> /share/liuyutian/pMHC_decoy_library/data/decoy_a/RLRPGGKKR/decoy_a_results.json
11:37:35 [INFO] run_decoy: All requested strategies completed.
=== RLYYDSMSY (HLA-A*03:01) ===
11:37:35 [INFO] run_decoy: Target: RLYYDSMSY | HLA: HLA-A*03:01 | Strategies: ['a']
11:37:36 [INFO] run_decoy.A: === Decoy A: Sequence Homology Scan ===
11:37:36 [INFO] run_decoy.A: Target: RLYYDSMSY | HLA: HLA-A*03:01
11:37:36 [INFO] numexpr.utils: Note: detected 176 virtual cores but NumExpr set to maximum of 64, check "NUMEXPR_MAX_THREADS" environment variable.
11:37:36 [INFO] numexpr.utils: Note: NumExpr detected 176 cores but "NUMEXPR_MAX_THREADS" not set, so enforcing safe limit of 16.
11:37:36 [INFO] numexpr.utils: NumExpr defaulting to 16 threads.
11:37:36 [INFO] decoy_a.scanner: Decoy A scan: target=RLYYDSMSY (len=9), HLA=HLA-A*03:01, max_hamming=4
11:37:38 [INFO] decoy_a.scanner: Candidates of length 9 (excluding Non_Binders): 611022
11:37:39 [INFO] decoy_a.scanner: Decoy A: 121 hits within Hamming distance ≤ 4
11:37:39 [INFO] decoy_a.scanner: Decoy A complete: 121 hits (1-mismatch: 0, 2-mismatch: 0)
11:37:42 [INFO] run_decoy.A: Decoy A: 121 hits -> /share/liuyutian/pMHC_decoy_library/data/decoy_a/RLYYDSMSY/decoy_a_results.json
11:37:42 [INFO] run_decoy: All requested strategies completed.
=== SSNVANYQK (HLA-A*03:01) ===
11:37:42 [INFO] run_decoy: Target: SSNVANYQK | HLA: HLA-A*03:01 | Strategies: ['a']
11:37:43 [INFO] run_decoy.A: === Decoy A: Sequence Homology Scan ===
11:37:43 [INFO] run_decoy.A: Target: SSNVANYQK | HLA: HLA-A*03:01
11:37:43 [INFO] numexpr.utils: Note: detected 176 virtual cores but NumExpr set to maximum of 64, check "NUMEXPR_MAX_THREADS" environment variable.
11:37:43 [INFO] numexpr.utils: Note: NumExpr detected 176 cores but "NUMEXPR_MAX_THREADS" not set, so enforcing safe limit of 16.
11:37:43 [INFO] numexpr.utils: NumExpr defaulting to 16 threads.
11:37:43 [INFO] decoy_a.scanner: Decoy A scan: target=SSNVANYQK (len=9), HLA=HLA-A*03:01, max_hamming=4
11:37:45 [INFO] decoy_a.scanner: Candidates of length 9 (excluding Non_Binders): 611022
11:37:46 [INFO] decoy_a.scanner: Decoy A: 272 hits within Hamming distance ≤ 4
11:37:46 [INFO] decoy_a.scanner: Decoy A complete: 272 hits (1-mismatch: 0, 2-mismatch: 1)
11:37:50 [INFO] run_decoy.A: Decoy A: 272 hits -> /share/liuyutian/pMHC_decoy_library/data/decoy_a/SSNVANYQK/decoy_a_results.json
11:37:50 [INFO] run_decoy: All requested strategies completed.
=== TEILPVSMTK (HLA-A*03:01) ===
11:37:51 [INFO] run_decoy: Target: TEILPVSMTK | HLA: HLA-A*03:01 | Strategies: ['a']
11:37:51 [INFO] run_decoy.A: === Decoy A: Sequence Homology Scan ===
11:37:51 [INFO] run_decoy.A: Target: TEILPVSMTK | HLA: HLA-A*03:01
11:37:51 [INFO] numexpr.utils: Note: detected 176 virtual cores but NumExpr set to maximum of 64, check "NUMEXPR_MAX_THREADS" environment variable.
11:37:51 [INFO] numexpr.utils: Note: NumExpr detected 176 cores but "NUMEXPR_MAX_THREADS" not set, so enforcing safe limit of 16.
11:37:51 [INFO] numexpr.utils: NumExpr defaulting to 16 threads.
11:37:51 [INFO] decoy_a.scanner: Decoy A scan: target=TEILPVSMTK (len=10), HLA=HLA-A*03:01, max_hamming=4
11:37:53 [INFO] decoy_a.scanner: Candidates of length 10 (excluding Non_Binders): 402484
11:37:54 [INFO] decoy_a.scanner: Decoy A: 13 hits within Hamming distance ≤ 4
11:37:54 [INFO] decoy_a.scanner: Decoy A complete: 13 hits (1-mismatch: 0, 2-mismatch: 0)
11:37:59 [INFO] run_decoy.A: Decoy A: 13 hits -> /share/liuyutian/pMHC_decoy_library/data/decoy_a/TEILPVSMTK/decoy_a_results.json
11:37:59 [INFO] run_decoy: All requested strategies completed.
=== YIFFASFYY (HLA-A*03:01) ===
11:37:59 [INFO] run_decoy: Target: YIFFASFYY | HLA: HLA-A*03:01 | Strategies: ['a']
11:37:59 [INFO] run_decoy.A: === Decoy A: Sequence Homology Scan ===
11:37:59 [INFO] run_decoy.A: Target: YIFFASFYY | HLA: HLA-A*03:01
11:37:59 [INFO] numexpr.utils: Note: detected 176 virtual cores but NumExpr set to maximum of 64, check "NUMEXPR_MAX_THREADS" environment variable.
11:37:59 [INFO] numexpr.utils: Note: NumExpr detected 176 cores but "NUMEXPR_MAX_THREADS" not set, so enforcing safe limit of 16.
11:37:59 [INFO] numexpr.utils: NumExpr defaulting to 16 threads.
11:38:00 [INFO] decoy_a.scanner: Decoy A scan: target=YIFFASFYY (len=9), HLA=HLA-A*03:01, max_hamming=4
11:38:01 [INFO] decoy_a.scanner: Candidates of length 9 (excluding Non_Binders): 611022
11:38:02 [INFO] decoy_a.scanner: Decoy A: 50 hits within Hamming distance ≤ 4
11:38:02 [INFO] decoy_a.scanner: Decoy A complete: 50 hits (1-mismatch: 0, 2-mismatch: 0)
11:38:08 [INFO] run_decoy.A: Decoy A: 50 hits -> /share/liuyutian/pMHC_decoy_library/data/decoy_a/YIFFASFYY/decoy_a_results.json
11:38:08 [INFO] run_decoy: All requested strategies completed.
DONE
=== EIYKRWII (HLA-B*08:01) ===
11:38:08 [INFO] run_decoy: Target: EIYKRWII | HLA: HLA-B*08:01 | Strategies: ['a']
11:38:08 [INFO] run_decoy.A: === Decoy A: Sequence Homology Scan ===
11:38:08 [INFO] run_decoy.A: Target: EIYKRWII | HLA: HLA-B*08:01
11:38:08 [INFO] numexpr.utils: Note: detected 176 virtual cores but NumExpr set to maximum of 64, check "NUMEXPR_MAX_THREADS" environment variable.
11:38:08 [INFO] numexpr.utils: Note: NumExpr detected 176 cores but "NUMEXPR_MAX_THREADS" not set, so enforcing safe limit of 16.
11:38:08 [INFO] numexpr.utils: NumExpr defaulting to 16 threads.
11:38:08 [INFO] decoy_a.scanner: Decoy A scan: target=EIYKRWII (len=8), HLA=HLA-B*08:01, max_hamming=4
11:38:10 [INFO] decoy_a.scanner: Candidates of length 8 (excluding Non_Binders): 262090
11:38:11 [INFO] decoy_a.scanner: Decoy A: 473 hits within Hamming distance ≤ 4
11:38:11 [INFO] decoy_a.scanner: Decoy A complete: 473 hits (1-mismatch: 0, 2-mismatch: 1)
11:38:13 [INFO] run_decoy.A: Decoy A: 473 hits -> /share/liuyutian/pMHC_decoy_library/data/decoy_a/EIYKRWII/decoy_a_results.json
11:38:13 [INFO] run_decoy: All requested strategies completed.
=== ELRRKMMYM (HLA-B*08:01) ===
11:38:14 [INFO] run_decoy: Target: ELRRKMMYM | HLA: HLA-B*08:01 | Strategies: ['a']
11:38:14 [INFO] run_decoy.A: === Decoy A: Sequence Homology Scan ===
11:38:14 [INFO] run_decoy.A: Target: ELRRKMMYM | HLA: HLA-B*08:01
11:38:14 [INFO] numexpr.utils: Note: detected 176 virtual cores but NumExpr set to maximum of 64, check "NUMEXPR_MAX_THREADS" environment variable.
11:38:14 [INFO] numexpr.utils: Note: NumExpr detected 176 cores but "NUMEXPR_MAX_THREADS" not set, so enforcing safe limit of 16.
11:38:14 [INFO] numexpr.utils: NumExpr defaulting to 16 threads.
11:38:14 [INFO] decoy_a.scanner: Decoy A scan: target=ELRRKMMYM (len=9), HLA=HLA-B*08:01, max_hamming=4
11:38:16 [INFO] decoy_a.scanner: Candidates of length 9 (excluding Non_Binders): 893948
11:38:17 [INFO] decoy_a.scanner: Decoy A: 154 hits within Hamming distance ≤ 4
11:38:18 [INFO] decoy_a.scanner: Decoy A complete: 154 hits (1-mismatch: 0, 2-mismatch: 0)
11:38:22 [INFO] run_decoy.A: Decoy A: 154 hits -> /share/liuyutian/pMHC_decoy_library/data/decoy_a/ELRRKMMYM/decoy_a_results.json
11:38:22 [INFO] run_decoy: All requested strategies completed.
=== FLKEKGGL (HLA-B*08:01) ===
11:38:23 [INFO] run_decoy: Target: FLKEKGGL | HLA: HLA-B*08:01 | Strategies: ['a']
11:38:23 [INFO] run_decoy.A: === Decoy A: Sequence Homology Scan ===
11:38:23 [INFO] run_decoy.A: Target: FLKEKGGL | HLA: HLA-B*08:01
11:38:23 [INFO] numexpr.utils: Note: detected 176 virtual cores but NumExpr set to maximum of 64, check "NUMEXPR_MAX_THREADS" environment variable.
11:38:23 [INFO] numexpr.utils: Note: NumExpr detected 176 cores but "NUMEXPR_MAX_THREADS" not set, so enforcing safe limit of 16.
11:38:23 [INFO] numexpr.utils: NumExpr defaulting to 16 threads.
11:38:23 [INFO] decoy_a.scanner: Decoy A scan: target=FLKEKGGL (len=8), HLA=HLA-B*08:01, max_hamming=4
11:38:25 [INFO] decoy_a.scanner: Candidates of length 8 (excluding Non_Binders): 262090
11:38:25 [INFO] decoy_a.scanner: Decoy A: 4231 hits within Hamming distance ≤ 4
11:38:26 [INFO] decoy_a.scanner: Decoy A complete: 4231 hits (1-mismatch: 0, 2-mismatch: 12)
11:38:32 [INFO] run_decoy.A: Decoy A: 4231 hits -> /share/liuyutian/pMHC_decoy_library/data/decoy_a/FLKEKGGL/decoy_a_results.json
11:38:32 [INFO] run_decoy: All requested strategies completed.
=== FLRGRAYGL (HLA-B*08:01) ===
11:38:32 [INFO] run_decoy: Target: FLRGRAYGL | HLA: HLA-B*08:01 | Strategies: ['a']
11:38:33 [INFO] run_decoy.A: === Decoy A: Sequence Homology Scan ===
11:38:33 [INFO] run_decoy.A: Target: FLRGRAYGL | HLA: HLA-B*08:01
11:38:33 [INFO] numexpr.utils: Note: detected 176 virtual cores but NumExpr set to maximum of 64, check "NUMEXPR_MAX_THREADS" environment variable.
11:38:33 [INFO] numexpr.utils: Note: NumExpr detected 176 cores but "NUMEXPR_MAX_THREADS" not set, so enforcing safe limit of 16.
11:38:33 [INFO] numexpr.utils: NumExpr defaulting to 16 threads.
11:38:33 [INFO] decoy_a.scanner: Decoy A scan: target=FLRGRAYGL (len=9), HLA=HLA-B*08:01, max_hamming=4
11:38:35 [INFO] decoy_a.scanner: Candidates of length 9 (excluding Non_Binders): 893948
11:38:36 [INFO] decoy_a.scanner: Decoy A: 780 hits within Hamming distance ≤ 4
11:38:37 [INFO] decoy_a.scanner: Decoy A complete: 780 hits (1-mismatch: 0, 2-mismatch: 2)
11:38:44 [INFO] run_decoy.A: Decoy A: 780 hits -> /share/liuyutian/pMHC_decoy_library/data/decoy_a/FLRGRAYGL/decoy_a_results.json
11:38:44 [INFO] run_decoy: All requested strategies completed.
=== HSKKKCDEL (HLA-B*08:01) ===
11:38:44 [INFO] run_decoy: Target: HSKKKCDEL | HLA: HLA-B*08:01 | Strategies: ['a']
11:38:44 [INFO] run_decoy.A: === Decoy A: Sequence Homology Scan ===
11:38:44 [INFO] run_decoy.A: Target: HSKKKCDEL | HLA: HLA-B*08:01
11:38:45 [INFO] numexpr.utils: Note: detected 176 virtual cores but NumExpr set to maximum of 64, check "NUMEXPR_MAX_THREADS" environment variable.
11:38:45 [INFO] numexpr.utils: Note: NumExpr detected 176 cores but "NUMEXPR_MAX_THREADS" not set, so enforcing safe limit of 16.
11:38:45 [INFO] numexpr.utils: NumExpr defaulting to 16 threads.
11:38:45 [INFO] decoy_a.scanner: Decoy A scan: target=HSKKKCDEL (len=9), HLA=HLA-B*08:01, max_hamming=4
11:38:47 [INFO] decoy_a.scanner: Candidates of length 9 (excluding Non_Binders): 893948
11:38:48 [INFO] decoy_a.scanner: Decoy A: 463 hits within Hamming distance ≤ 4
11:38:48 [INFO] decoy_a.scanner: Decoy A complete: 463 hits (1-mismatch: 0, 2-mismatch: 2)
11:38:52 [INFO] run_decoy.A: Decoy A: 463 hits -> /share/liuyutian/pMHC_decoy_library/data/decoy_a/HSKKKCDEL/decoy_a_results.json
11:38:52 [INFO] run_decoy: All requested strategies completed.
=== QIKVRVDMV (HLA-B*08:01) ===
11:38:52 [INFO] run_decoy: Target: QIKVRVDMV | HLA: HLA-B*08:01 | Strategies: ['a']
11:38:52 [INFO] run_decoy.A: === Decoy A: Sequence Homology Scan ===
11:38:52 [INFO] run_decoy.A: Target: QIKVRVDMV | HLA: HLA-B*08:01
11:38:52 [INFO] numexpr.utils: Note: detected 176 virtual cores but NumExpr set to maximum of 64, check "NUMEXPR_MAX_THREADS" environment variable.
11:38:52 [INFO] numexpr.utils: Note: NumExpr detected 176 cores but "NUMEXPR_MAX_THREADS" not set, so enforcing safe limit of 16.
11:38:52 [INFO] numexpr.utils: NumExpr defaulting to 16 threads.
11:38:53 [INFO] decoy_a.scanner: Decoy A scan: target=QIKVRVDMV (len=9), HLA=HLA-B*08:01, max_hamming=4
11:38:55 [INFO] decoy_a.scanner: Candidates of length 9 (excluding Non_Binders): 893948
11:38:56 [INFO] decoy_a.scanner: Decoy A: 120 hits within Hamming distance ≤ 4
11:38:56 [INFO] decoy_a.scanner: Decoy A complete: 120 hits (1-mismatch: 0, 2-mismatch: 0)
11:38:59 [INFO] run_decoy.A: Decoy A: 120 hits -> /share/liuyutian/pMHC_decoy_library/data/decoy_a/QIKVRVDMV/decoy_a_results.json
11:38:59 [INFO] run_decoy: All requested strategies completed.
=== QIKVRVKMV (HLA-B*08:01) ===
11:39:00 [INFO] run_decoy: Target: QIKVRVKMV | HLA: HLA-B*08:01 | Strategies: ['a']
11:39:00 [INFO] run_decoy.A: === Decoy A: Sequence Homology Scan ===
11:39:00 [INFO] run_decoy.A: Target: QIKVRVKMV | HLA: HLA-B*08:01
11:39:00 [INFO] numexpr.utils: Note: detected 176 virtual cores but NumExpr set to maximum of 64, check "NUMEXPR_MAX_THREADS" environment variable.
11:39:00 [INFO] numexpr.utils: Note: NumExpr detected 176 cores but "NUMEXPR_MAX_THREADS" not set, so enforcing safe limit of 16.
11:39:00 [INFO] numexpr.utils: NumExpr defaulting to 16 threads.
11:39:00 [INFO] decoy_a.scanner: Decoy A scan: target=QIKVRVKMV (len=9), HLA=HLA-B*08:01, max_hamming=4
11:39:02 [INFO] decoy_a.scanner: Candidates of length 9 (excluding Non_Binders): 893948
11:39:03 [INFO] decoy_a.scanner: Decoy A: 202 hits within Hamming distance ≤ 4
11:39:04 [INFO] decoy_a.scanner: Decoy A complete: 202 hits (1-mismatch: 0, 2-mismatch: 0)
11:39:08 [INFO] run_decoy.A: Decoy A: 202 hits -> /share/liuyutian/pMHC_decoy_library/data/decoy_a/QIKVRVKMV/decoy_a_results.json
11:39:08 [INFO] run_decoy: All requested strategies completed.
=== RAKFKQLL (HLA-B*08:01) ===
11:39:08 [INFO] run_decoy: Target: RAKFKQLL | HLA: HLA-B*08:01 | Strategies: ['a']
11:39:08 [INFO] run_decoy.A: === Decoy A: Sequence Homology Scan ===
11:39:08 [INFO] run_decoy.A: Target: RAKFKQLL | HLA: HLA-B*08:01
11:39:08 [INFO] numexpr.utils: Note: detected 176 virtual cores but NumExpr set to maximum of 64, check "NUMEXPR_MAX_THREADS" environment variable.
11:39:08 [INFO] numexpr.utils: Note: NumExpr detected 176 cores but "NUMEXPR_MAX_THREADS" not set, so enforcing safe limit of 16.
11:39:08 [INFO] numexpr.utils: NumExpr defaulting to 16 threads.
11:39:09 [INFO] decoy_a.scanner: Decoy A scan: target=RAKFKQLL (len=8), HLA=HLA-B*08:01, max_hamming=4
11:39:10 [INFO] decoy_a.scanner: Candidates of length 8 (excluding Non_Binders): 262090
11:39:11 [INFO] decoy_a.scanner: Decoy A: 3542 hits within Hamming distance ≤ 4
11:39:11 [INFO] decoy_a.scanner: Decoy A complete: 3542 hits (1-mismatch: 0, 2-mismatch: 17)
11:39:17 [INFO] run_decoy.A: Decoy A: 3542 hits -> /share/liuyutian/pMHC_decoy_library/data/decoy_a/RAKFKQLL/decoy_a_results.json
11:39:17 [INFO] run_decoy: All requested strategies completed.
DONE
=== GTSGSPIIDK (HLA-A*11:01) ===
11:39:21 [INFO] run_decoy: Target: GTSGSPIIDK | HLA: HLA-A*11:01 | Strategies: ['a']
11:39:21 [INFO] run_decoy.A: === Decoy A: Sequence Homology Scan ===
11:39:21 [INFO] run_decoy.A: Target: GTSGSPIIDK | HLA: HLA-A*11:01
11:39:21 [INFO] numexpr.utils: Note: detected 176 virtual cores but NumExpr set to maximum of 64, check "NUMEXPR_MAX_THREADS" environment variable.
11:39:21 [INFO] numexpr.utils: Note: NumExpr detected 176 cores but "NUMEXPR_MAX_THREADS" not set, so enforcing safe limit of 16.
11:39:21 [INFO] numexpr.utils: NumExpr defaulting to 16 threads.
11:39:21 [INFO] decoy_a.scanner: Decoy A scan: target=GTSGSPIIDK (len=10), HLA=HLA-A*11:01, max_hamming=4
11:39:24 [INFO] decoy_a.scanner: Candidates of length 10 (excluding Non_Binders): 432756
11:39:25 [INFO] decoy_a.scanner: Decoy A: 43 hits within Hamming distance ≤ 4
11:39:25 [INFO] decoy_a.scanner: Decoy A complete: 43 hits (1-mismatch: 0, 2-mismatch: 0)
11:39:29 [INFO] run_decoy.A: Decoy A: 43 hits -> /share/liuyutian/pMHC_decoy_library/data/decoy_a/GTSGSPIIDK/decoy_a_results.json
11:39:29 [INFO] run_decoy: All requested strategies completed.
=== GTSGSPIINR (HLA-A*11:01) ===
11:39:29 [INFO] run_decoy: Target: GTSGSPIINR | HLA: HLA-A*11:01 | Strategies: ['a']
11:39:29 [INFO] run_decoy.A: === Decoy A: Sequence Homology Scan ===
11:39:29 [INFO] run_decoy.A: Target: GTSGSPIINR | HLA: HLA-A*11:01
11:39:29 [INFO] numexpr.utils: Note: detected 176 virtual cores but NumExpr set to maximum of 64, check "NUMEXPR_MAX_THREADS" environment variable.
11:39:29 [INFO] numexpr.utils: Note: NumExpr detected 176 cores but "NUMEXPR_MAX_THREADS" not set, so enforcing safe limit of 16.
11:39:29 [INFO] numexpr.utils: NumExpr defaulting to 16 threads.
11:39:29 [INFO] decoy_a.scanner: Decoy A scan: target=GTSGSPIINR (len=10), HLA=HLA-A*11:01, max_hamming=4
11:39:31 [INFO] decoy_a.scanner: Candidates of length 10 (excluding Non_Binders): 432756
11:39:32 [INFO] decoy_a.scanner: Decoy A: 27 hits within Hamming distance ≤ 4
11:39:32 [INFO] decoy_a.scanner: Decoy A complete: 27 hits (1-mismatch: 0, 2-mismatch: 0)
11:39:37 [INFO] run_decoy.A: Decoy A: 27 hits -> /share/liuyutian/pMHC_decoy_library/data/decoy_a/GTSGSPIINR/decoy_a_results.json
11:39:37 [INFO] run_decoy: All requested strategies completed.
=== GTSGSPIVNR (HLA-A*11:01) ===
11:39:37 [INFO] run_decoy: Target: GTSGSPIVNR | HLA: HLA-A*11:01 | Strategies: ['a']
11:39:37 [INFO] run_decoy.A: === Decoy A: Sequence Homology Scan ===
11:39:37 [INFO] run_decoy.A: Target: GTSGSPIVNR | HLA: HLA-A*11:01
11:39:37 [INFO] numexpr.utils: Note: detected 176 virtual cores but NumExpr set to maximum of 64, check "NUMEXPR_MAX_THREADS" environment variable.
11:39:37 [INFO] numexpr.utils: Note: NumExpr detected 176 cores but "NUMEXPR_MAX_THREADS" not set, so enforcing safe limit of 16.
11:39:37 [INFO] numexpr.utils: NumExpr defaulting to 16 threads.
11:39:37 [INFO] decoy_a.scanner: Decoy A scan: target=GTSGSPIVNR (len=10), HLA=HLA-A*11:01, max_hamming=4
11:39:39 [INFO] decoy_a.scanner: Candidates of length 10 (excluding Non_Binders): 432756
11:39:40 [INFO] decoy_a.scanner: Decoy A: 37 hits within Hamming distance ≤ 4
11:39:40 [INFO] decoy_a.scanner: Decoy A complete: 37 hits (1-mismatch: 0, 2-mismatch: 0)
11:39:46 [INFO] run_decoy.A: Decoy A: 37 hits -> /share/liuyutian/pMHC_decoy_library/data/decoy_a/GTSGSPIVNR/decoy_a_results.json
11:39:46 [INFO] run_decoy: All requested strategies completed.
=== KTAYSHLSTSK (HLA-A*11:01) ===
11:39:46 [INFO] run_decoy: Target: KTAYSHLSTSK | HLA: HLA-A*11:01 | Strategies: ['a']
11:39:47 [INFO] run_decoy.A: === Decoy A: Sequence Homology Scan ===
11:39:47 [INFO] run_decoy.A: Target: KTAYSHLSTSK | HLA: HLA-A*11:01
11:39:47 [INFO] numexpr.utils: Note: detected 176 virtual cores but NumExpr set to maximum of 64, check "NUMEXPR_MAX_THREADS" environment variable.
11:39:47 [INFO] numexpr.utils: Note: NumExpr detected 176 cores but "NUMEXPR_MAX_THREADS" not set, so enforcing safe limit of 16.
11:39:47 [INFO] numexpr.utils: NumExpr defaulting to 16 threads.
11:39:47 [INFO] decoy_a.scanner: Decoy A scan: target=KTAYSHLSTSK (len=11), HLA=HLA-A*11:01, max_hamming=4
11:39:49 [INFO] decoy_a.scanner: Candidates of length 11 (excluding Non_Binders): 240012
11:39:49 [INFO] decoy_a.scanner: Decoy A: 8 hits within Hamming distance ≤ 4
11:39:49 [INFO] decoy_a.scanner: Decoy A complete: 8 hits (1-mismatch: 0, 2-mismatch: 0)
11:39:54 [INFO] run_decoy.A: Decoy A: 8 hits -> /share/liuyutian/pMHC_decoy_library/data/decoy_a/KTAYSHLSTSK/decoy_a_results.json
11:39:54 [INFO] run_decoy: All requested strategies completed.
=== LVVDFSQFSR (HLA-A*11:01) ===
11:39:54 [INFO] run_decoy: Target: LVVDFSQFSR | HLA: HLA-A*11:01 | Strategies: ['a']
11:39:54 [INFO] run_decoy.A: === Decoy A: Sequence Homology Scan ===
11:39:54 [INFO] run_decoy.A: Target: LVVDFSQFSR | HLA: HLA-A*11:01
11:39:54 [INFO] numexpr.utils: Note: detected 176 virtual cores but NumExpr set to maximum of 64, check "NUMEXPR_MAX_THREADS" environment variable.
11:39:54 [INFO] numexpr.utils: Note: NumExpr detected 176 cores but "NUMEXPR_MAX_THREADS" not set, so enforcing safe limit of 16.
11:39:54 [INFO] numexpr.utils: NumExpr defaulting to 16 threads.
11:39:54 [INFO] decoy_a.scanner: Decoy A scan: target=LVVDFSQFSR (len=10), HLA=HLA-A*11:01, max_hamming=4
11:39:56 [INFO] decoy_a.scanner: Candidates of length 10 (excluding Non_Binders): 432756
11:39:57 [INFO] decoy_a.scanner: Decoy A: 28 hits within Hamming distance ≤ 4
11:39:57 [INFO] decoy_a.scanner: Decoy A complete: 28 hits (1-mismatch: 0, 2-mismatch: 0)
11:40:02 [INFO] run_decoy.A: Decoy A: 28 hits -> /share/liuyutian/pMHC_decoy_library/data/decoy_a/LVVDFSQFSR/decoy_a_results.json
11:40:02 [INFO] run_decoy: All requested strategies completed.
=== STLPETAVVRR (HLA-A*11:01) ===
11:40:02 [INFO] run_decoy: Target: STLPETAVVRR | HLA: HLA-A*11:01 | Strategies: ['a']
11:40:03 [INFO] run_decoy.A: === Decoy A: Sequence Homology Scan ===
11:40:03 [INFO] run_decoy.A: Target: STLPETAVVRR | HLA: HLA-A*11:01
11:40:03 [INFO] numexpr.utils: Note: detected 176 virtual cores but NumExpr set to maximum of 64, check "NUMEXPR_MAX_THREADS" environment variable.
11:40:03 [INFO] numexpr.utils: Note: NumExpr detected 176 cores but "NUMEXPR_MAX_THREADS" not set, so enforcing safe limit of 16.
11:40:03 [INFO] numexpr.utils: NumExpr defaulting to 16 threads.
11:40:03 [INFO] decoy_a.scanner: Decoy A scan: target=STLPETAVVRR (len=11), HLA=HLA-A*11:01, max_hamming=4
11:40:05 [INFO] decoy_a.scanner: Candidates of length 11 (excluding Non_Binders): 240012
11:40:05 [INFO] decoy_a.scanner: Decoy A: 4 hits within Hamming distance ≤ 4
11:40:05 [INFO] decoy_a.scanner: Decoy A complete: 4 hits (1-mismatch: 0, 2-mismatch: 0)
11:40:10 [INFO] run_decoy.A: Decoy A: 4 hits -> /share/liuyutian/pMHC_decoy_library/data/decoy_a/STLPETAVVRR/decoy_a_results.json
11:40:10 [INFO] run_decoy: All requested strategies completed.
DONE

