
Starting training for 2,000,000 timesteps...
Setting up PPO trainer: v1_ergo_only_ablation
  reward_mode=v1_ergo_only, n_envs=8
  ERGO loaded
  ESM-2 loaded (dim=1280)
  TCR pool: 7280430 seqs, L0 targets=['GILGFVFTL', 'NLVPMVATV', 'GLCTLVAML', 'YLQPRTFLL', 'SLYNTVATL'], L1 targets=['IVTDFSVIK', 'GILGFVFTL', 'NLVPMVATV', 'LLWNGPMAV', 'GLCTLVAML', 'SLYNTVATL', 'FLYALALLL', 'KLGGALQAK', 'AVFDRKSDAK', 'SPRWYFYYL', 'YLQPRTFLL', 'RLRAEAQVK']
  VecEnv: 8 envs, obs_dim=2562
  Policy: 2,008,852 parameters
Step     10,240 | Eps:   1459 | R:    0.729 | Len:   8.4 | PG:  -0.0218 | VF:   0.1718 | Ent:  5.184
Step     20,480 | Eps:   2647 | R:    0.992 | Len:   8.8 | PG:  -0.0283 | VF:   0.2475 | Ent:  5.208
Step     30,720 | Eps:   3814 | R:    1.293 | Len:   8.9 | PG:  -0.0236 | VF:   0.5000 | Ent:  5.264
Step     40,960 | Eps:   4972 | R:    1.069 | Len:   8.8 | PG:  -0.0235 | VF:   0.3066 | Ent:  4.908
Step     51,200 | Eps:   6133 | R:    0.999 | Len:   8.7 | PG:  -0.0247 | VF:   0.2706 | Ent:  4.938
Step     61,440 | Eps:   7294 | R:    1.134 | Len:   8.8 | PG:  -0.0264 | VF:   0.3262 | Ent:  4.988
Step     71,680 | Eps:   8462 | R:    1.311 | Len:   8.6 | PG:  -0.0254 | VF:   0.3611 | Ent:  5.046
Step     81,920 | Eps:   9626 | R:    1.189 | Len:   8.8 | PG:  -0.0248 | VF:   0.2691 | Ent:  4.886
Step     92,160 | Eps:  10788 | R:    1.060 | Len:   8.7 | PG:  -0.0237 | VF:   0.2638 | Ent:  5.036
Step    102,400 | Eps:  11941 | R:    1.239 | Len:   9.0 | PG:  -0.0244 | VF:   0.3746 | Ent:  5.010
Step    112,640 | Eps:  13091 | R:    1.233 | Len:   8.8 | PG:  -0.0306 | VF:   0.3281 | Ent:  4.844
Step    122,880 | Eps:  14247 | R:    1.538 | Len:   8.9 | PG:  -0.0192 | VF:   0.4415 | Ent:  4.811
Step    133,120 | Eps:  15393 | R:    1.364 | Len:   8.9 | PG:  -0.0231 | VF:   0.3837 | Ent:  4.822
Step    143,360 | Eps:  16546 | R:    1.292 | Len:   9.0 | PG:  -0.0251 | VF:   0.3329 | Ent:  4.859
Step    153,600 | Eps:  17693 | R:    1.691 | Len:   8.9 | PG:  -0.0269 | VF:   0.5125 | Ent:  4.925
Step    163,840 | Eps:  18837 | R:    1.562 | Len:   8.9 | PG:  -0.0235 | VF:   0.3230 | Ent:  4.775
Step    174,080 | Eps:  19991 | R:    1.465 | Len:   8.9 | PG:  -0.0060 | VF:   0.4977 | Ent:  4.607
Step    184,320 | Eps:  21135 | R:    1.687 | Len:   8.9 | PG:  -0.0219 | VF:   0.4246 | Ent:  4.594
Step    194,560 | Eps:  22279 | R:    2.254 | Len:   8.9 | PG:  -0.0228 | VF:   0.5383 | Ent:  4.381
Step    204,800 | Eps:  23424 | R:    1.841 | Len:   9.0 | PG:  -0.0193 | VF:   0.4796 | Ent:  4.355
Step    215,040 | Eps:  24565 | R:    1.987 | Len:   9.0 | PG:  -0.0191 | VF:   0.5441 | Ent:  4.410
Step    225,280 | Eps:  25710 | R:    1.723 | Len:   8.9 | PG:  -0.0193 | VF:   0.5273 | Ent:  4.398
Step    235,520 | Eps:  26855 | R:    1.732 | Len:   8.9 | PG:  -0.0242 | VF:   0.5186 | Ent:  4.556
Step    245,760 | Eps:  27999 | R:    1.871 | Len:   8.9 | PG:  -0.0290 | VF:   0.4303 | Ent:  4.401
Step    256,000 | Eps:  29140 | R:    1.882 | Len:   8.9 | PG:  -0.0230 | VF:   0.4159 | Ent:  4.465
Step    266,240 | Eps:  30282 | R:    1.835 | Len:   9.0 | PG:  -0.0153 | VF:   0.4759 | Ent:  4.495
Step    276,480 | Eps:  31423 | R:    2.207 | Len:   8.9 | PG:  -0.0199 | VF:   0.5685 | Ent:  4.466
Step    286,720 | Eps:  32566 | R:    2.029 | Len:   8.9 | PG:  -0.0092 | VF:   0.5298 | Ent:  4.599
Step    296,960 | Eps:  33703 | R:    2.269 | Len:   9.0 | PG:  -0.0225 | VF:   0.5615 | Ent:  4.406
Step    307,200 | Eps:  34849 | R:    2.103 | Len:   8.9 | PG:  -0.0268 | VF:   0.5707 | Ent:  4.495
Step    317,440 | Eps:  35990 | R:    2.124 | Len:   9.0 | PG:  -0.0241 | VF:   0.4381 | Ent:  4.400
Step    327,680 | Eps:  37129 | R:    1.759 | Len:   9.0 | PG:  -0.0225 | VF:   0.3888 | Ent:  4.705
Step    337,920 | Eps:  38269 | R:    1.786 | Len:   9.0 | PG:  -0.0221 | VF:   0.4733 | Ent:  4.629
Step    348,160 | Eps:  39410 | R:    2.656 | Len:   9.0 | PG:  -0.0267 | VF:   0.6032 | Ent:  4.555
Step    358,400 | Eps:  40549 | R:    1.981 | Len:   8.9 | PG:  -0.0204 | VF:   0.5086 | Ent:  4.193
Step    368,640 | Eps:  41692 | R:    2.078 | Len:   9.0 | PG:  -0.0184 | VF:   0.4992 | Ent:  4.311
Step    378,880 | Eps:  42835 | R:    2.190 | Len:   8.9 | PG:  -0.0285 | VF:   0.5025 | Ent:  4.419
Step    389,120 | Eps:  43981 | R:    2.403 | Len:   8.9 | PG:  -0.0302 | VF:   0.4695 | Ent:  4.470
Step    399,360 | Eps:  45128 | R:    2.764 | Len:   8.9 | PG:  -0.0239 | VF:   0.5450 | Ent:  4.572
Step    409,600 | Eps:  46273 | R:    2.260 | Len:   9.0 | PG:  -0.0229 | VF:   0.5041 | Ent:  4.392
Step    419,840 | Eps:  47418 | R:    2.340 | Len:   8.9 | PG:  -0.0270 | VF:   0.4739 | Ent:  4.369
Step    430,080 | Eps:  48561 | R:    2.771 | Len:   9.0 | PG:  -0.0233 | VF:   0.6172 | Ent:  4.742
Step    440,320 | Eps:  49710 | R:    2.431 | Len:   9.0 | PG:  -0.0206 | VF:   0.5731 | Ent:  4.649
Step    450,560 | Eps:  50854 | R:    2.517 | Len:   8.9 | PG:  -0.0131 | VF:   0.4776 | Ent:  4.426
Step    460,800 | Eps:  51997 | R:    2.540 | Len:   8.9 | PG:  -0.0196 | VF:   0.4735 | Ent:  4.567
Step    471,040 | Eps:  53142 | R:    2.563 | Len:   9.0 | PG:  -0.0177 | VF:   0.4834 | Ent:  4.361
Step    481,280 | Eps:  54284 | R:    2.574 | Len:   9.0 | PG:  -0.0261 | VF:   0.5013 | Ent:  4.408
Step    491,520 | Eps:  55428 | R:    2.339 | Len:   8.9 | PG:  -0.0208 | VF:   0.5905 | Ent:  4.306
  ** Milestone checkpoint saved: 500,000 steps
Step    501,760 | Eps:  56572 | R:    2.498 | Len:   9.0 | PG:  -0.0257 | VF:   0.4720 | Ent:  4.220
Step    512,000 | Eps:  57719 | R:    2.498 | Len:   8.9 | PG:  -0.0172 | VF:   0.5202 | Ent:  4.266
Step    522,240 | Eps:  58869 | R:    2.331 | Len:   8.9 | PG:  -0.0292 | VF:   0.4598 | Ent:  4.231
Step    532,480 | Eps:  60013 | R:    2.509 | Len:   8.9 | PG:  -0.0238 | VF:   0.4862 | Ent:  4.334
Step    542,720 | Eps:  61163 | R:    2.289 | Len:   8.9 | PG:  -0.0168 | VF:   0.5242 | Ent:  4.455
Step    552,960 | Eps:  62305 | R:    2.566 | Len:   9.0 | PG:  -0.0252 | VF:   0.4926 | Ent:  4.458
Step    563,200 | Eps:  63451 | R:    2.408 | Len:   9.0 | PG:  -0.0170 | VF:   0.5543 | Ent:  4.268
Step    573,440 | Eps:  64596 | R:    2.486 | Len:   8.9 | PG:  -0.0285 | VF:   0.5112 | Ent:  4.523
Step    583,680 | Eps:  65747 | R:    2.619 | Len:   8.9 | PG:  -0.0259 | VF:   0.5024 | Ent:  4.339
Step    593,920 | Eps:  66898 | R:    2.492 | Len:   8.9 | PG:  -0.0246 | VF:   0.5036 | Ent:  4.367
Step    604,160 | Eps:  68050 | R:    2.298 | Len:   8.9 | PG:  -0.0211 | VF:   0.5102 | Ent:  4.490
Step    614,400 | Eps:  69202 | R:    3.057 | Len:   9.0 | PG:  -0.0213 | VF:   0.6106 | Ent:  4.465
Step    624,640 | Eps:  70350 | R:    2.759 | Len:   9.0 | PG:  -0.0263 | VF:   0.5833 | Ent:  4.507
Step    634,880 | Eps:  71500 | R:    2.364 | Len:   8.9 | PG:  -0.0214 | VF:   0.5192 | Ent:  4.384
Step    645,120 | Eps:  72657 | R:    2.258 | Len:   8.8 | PG:  -0.0213 | VF:   0.4804 | Ent:  4.383
Step    655,360 | Eps:  73810 | R:    2.603 | Len:   8.8 | PG:  -0.0158 | VF:   0.5163 | Ent:  4.544
Step    665,600 | Eps:  74956 | R:    2.707 | Len:   9.0 | PG:  -0.0285 | VF:   0.4890 | Ent:  4.357
Step    675,840 | Eps:  76103 | R:    2.739 | Len:   8.9 | PG:  -0.0264 | VF:   0.5512 | Ent:  4.596
Step    686,080 | Eps:  77249 | R:    2.739 | Len:   8.9 | PG:  -0.0225 | VF:   0.5851 | Ent:  4.632
Step    696,320 | Eps:  78395 | R:    2.751 | Len:   8.9 | PG:  -0.0245 | VF:   0.5957 | Ent:  4.683
Step    706,560 | Eps:  79549 | R:    2.164 | Len:   8.9 | PG:  -0.0193 | VF:   0.4470 | Ent:  4.562
Step    716,800 | Eps:  80702 | R:    2.396 | Len:   8.9 | PG:  -0.0276 | VF:   0.4947 | Ent:  4.577
Step    727,040 | Eps:  81847 | R:    2.416 | Len:   9.0 | PG:  -0.0214 | VF:   0.4879 | Ent:  4.474
Step    737,280 | Eps:  82990 | R:    2.749 | Len:   9.0 | PG:  -0.0202 | VF:   0.5350 | Ent:  4.605
Step    747,520 | Eps:  84136 | R:    2.968 | Len:   9.0 | PG:  -0.0264 | VF:   0.5364 | Ent:  4.568
Step    757,760 | Eps:  85286 | R:    2.617 | Len:   9.0 | PG:  -0.0192 | VF:   0.5441 | Ent:  4.391
Step    768,000 | Eps:  86431 | R:    2.828 | Len:   9.0 | PG:  -0.0203 | VF:   0.5773 | Ent:  4.400
Step    778,240 | Eps:  87577 | R:    2.824 | Len:   8.9 | PG:  -0.0310 | VF:   0.5222 | Ent:  4.428
Step    788,480 | Eps:  88721 | R:    3.105 | Len:   9.0 | PG:  -0.0256 | VF:   0.5440 | Ent:  4.519
Step    798,720 | Eps:  89869 | R:    3.439 | Len:   8.9 | PG:  -0.0185 | VF:   0.6535 | Ent:  4.268
Step    808,960 | Eps:  91015 | R:    2.902 | Len:   8.9 | PG:  -0.0219 | VF:   0.5084 | Ent:  4.451
Step    819,200 | Eps:  92159 | R:    3.174 | Len:   9.0 | PG:  -0.0268 | VF:   0.5728 | Ent:  4.545
Step    829,440 | Eps:  93307 | R:    2.849 | Len:   8.9 | PG:  -0.0248 | VF:   0.5676 | Ent:  4.400
Step    839,680 | Eps:  94451 | R:    3.111 | Len:   8.9 | PG:  -0.0148 | VF:   0.6334 | Ent:  4.337
Step    849,920 | Eps:  95598 | R:    2.990 | Len:   9.0 | PG:  -0.0216 | VF:   0.5281 | Ent:  4.414
Step    860,160 | Eps:  96739 | R:    2.682 | Len:   8.9 | PG:  -0.0253 | VF:   0.5431 | Ent:  4.438
Step    870,400 | Eps:  97881 | R:    3.155 | Len:   9.0 | PG:  -0.0281 | VF:   0.5660 | Ent:  4.507
Step    880,640 | Eps:  99022 | R:    2.892 | Len:   8.9 | PG:  -0.0290 | VF:   0.5450 | Ent:  4.436
Step    890,880 | Eps: 100165 | R:    2.740 | Len:   9.0 | PG:  -0.0282 | VF:   0.5659 | Ent:  4.404
Step    901,120 | Eps: 101313 | R:    2.761 | Len:   8.9 | PG:  -0.0262 | VF:   0.5018 | Ent:  4.518
Step    911,360 | Eps: 102458 | R:    3.192 | Len:   8.9 | PG:  -0.0275 | VF:   0.5802 | Ent:  4.248
Step    921,600 | Eps: 103600 | R:    3.090 | Len:   9.0 | PG:  -0.0272 | VF:   0.5667 | Ent:  4.244
Step    931,840 | Eps: 104747 | R:    2.309 | Len:   8.9 | PG:  -0.0314 | VF:   0.4619 | Ent:  4.409
Step    942,080 | Eps: 105888 | R:    2.808 | Len:   9.0 | PG:  -0.0264 | VF:   0.5072 | Ent:  4.477
Step    952,320 | Eps: 107030 | R:    2.914 | Len:   9.0 | PG:  -0.0269 | VF:   0.5483 | Ent:  4.281
Step    962,560 | Eps: 108171 | R:    3.116 | Len:   9.0 | PG:  -0.0197 | VF:   0.5886 | Ent:  4.249
Step    972,800 | Eps: 109313 | R:    2.724 | Len:   9.0 | PG:  -0.0269 | VF:   0.4360 | Ent:  4.341
Step    983,040 | Eps: 110457 | R:    3.006 | Len:   9.0 | PG:  -0.0270 | VF:   0.5159 | Ent:  4.280
Step    993,280 | Eps: 111602 | R:    3.643 | Len:   8.9 | PG:  -0.0260 | VF:   0.5746 | Ent:  4.243
  ** Milestone checkpoint saved: 1,000,000 steps
Step  1,003,520 | Eps: 112747 | R:    2.405 | Len:   9.0 | PG:  -0.0226 | VF:   0.5899 | Ent:  4.570
Step  1,013,760 | Eps: 113897 | R:    2.932 | Len:   9.0 | PG:  -0.0215 | VF:   0.5016 | Ent:  4.525
Step  1,024,000 | Eps: 115045 | R:    2.960 | Len:   8.9 | PG:  -0.0215 | VF:   0.5475 | Ent:  4.374
Step  1,034,240 | Eps: 116190 | R:    3.253 | Len:   9.0 | PG:  -0.0255 | VF:   0.5245 | Ent:  4.178
Step  1,044,480 | Eps: 117332 | R:    2.652 | Len:   9.0 | PG:  -0.0251 | VF:   0.5364 | Ent:  4.406
Step  1,054,720 | Eps: 118474 | R:    3.102 | Len:   9.0 | PG:  -0.0322 | VF:   0.4938 | Ent:  4.293
Step  1,064,960 | Eps: 119617 | R:    3.095 | Len:   9.0 | PG:  -0.0339 | VF:   0.5960 | Ent:  4.141
Step  1,075,200 | Eps: 120761 | R:    3.423 | Len:   9.0 | PG:  -0.0293 | VF:   0.6064 | Ent:  4.112
Step  1,085,440 | Eps: 121900 | R:    2.957 | Len:   9.0 | PG:  -0.0295 | VF:   0.4954 | Ent:  4.256
Step  1,095,680 | Eps: 123043 | R:    2.685 | Len:   8.9 | PG:  -0.0331 | VF:   0.4628 | Ent:  4.412
Step  1,105,920 | Eps: 124193 | R:    3.142 | Len:   8.9 | PG:  -0.0269 | VF:   0.5900 | Ent:  4.507
Step  1,116,160 | Eps: 125340 | R:    2.845 | Len:   8.9 | PG:  -0.0293 | VF:   0.5498 | Ent:  4.548
Step  1,126,400 | Eps: 126484 | R:    2.870 | Len:   9.0 | PG:  -0.0272 | VF:   0.5281 | Ent:  4.382
Step  1,136,640 | Eps: 127632 | R:    2.771 | Len:   9.0 | PG:  -0.0265 | VF:   0.4993 | Ent:  4.353
Step  1,146,880 | Eps: 128784 | R:    2.981 | Len:   8.9 | PG:  -0.0291 | VF:   0.5327 | Ent:  4.507
Step  1,157,120 | Eps: 129933 | R:    3.273 | Len:   8.9 | PG:  -0.0239 | VF:   0.6480 | Ent:  4.373
Step  1,167,360 | Eps: 131084 | R:    3.187 | Len:   9.0 | PG:  -0.0266 | VF:   0.5380 | Ent:  4.321
Step  1,177,600 | Eps: 132229 | R:    3.102 | Len:   9.0 | PG:  -0.0176 | VF:   0.4395 | Ent:  4.154
Step  1,187,840 | Eps: 133374 | R:    3.252 | Len:   9.0 | PG:  -0.0252 | VF:   0.5434 | Ent:  4.222
Step  1,198,080 | Eps: 134518 | R:    2.977 | Len:   9.0 | PG:  -0.0297 | VF:   0.5818 | Ent:  4.279
Step  1,208,320 | Eps: 135664 | R:    2.772 | Len:   8.8 | PG:  -0.0201 | VF:   0.6221 | Ent:  4.362
Step  1,218,560 | Eps: 136805 | R:    2.415 | Len:   8.9 | PG:  -0.0306 | VF:   0.4799 | Ent:  4.260
Step  1,228,800 | Eps: 137945 | R:    3.184 | Len:   9.0 | PG:  -0.0266 | VF:   0.4657 | Ent:  4.158
Step  1,239,040 | Eps: 139090 | R:    3.268 | Len:   9.0 | PG:  -0.0199 | VF:   0.5913 | Ent:  4.394
Step  1,249,280 | Eps: 140235 | R:    3.047 | Len:   8.9 | PG:  -0.0241 | VF:   0.5524 | Ent:  4.300
Step  1,259,520 | Eps: 141385 | R:    2.851 | Len:   8.9 | PG:  -0.0214 | VF:   0.5581 | Ent:  4.318
Step  1,269,760 | Eps: 142527 | R:    3.924 | Len:   9.0 | PG:  -0.0161 | VF:   0.5625 | Ent:  4.100
Step  1,280,000 | Eps: 143669 | R:    3.365 | Len:   9.0 | PG:  -0.0175 | VF:   0.5354 | Ent:  4.118
Step  1,290,240 | Eps: 144810 | R:    3.179 | Len:   9.0 | PG:  -0.0266 | VF:   0.5221 | Ent:  4.196
Step  1,300,480 | Eps: 145954 | R:    3.116 | Len:   8.9 | PG:  -0.0223 | VF:   0.4973 | Ent:  4.173
Step  1,310,720 | Eps: 147094 | R:    2.855 | Len:   9.0 | PG:  -0.0219 | VF:   0.5875 | Ent:  4.127
Step  1,320,960 | Eps: 148236 | R:    3.087 | Len:   9.0 | PG:  -0.0178 | VF:   0.5387 | Ent:  4.140
Step  1,331,200 | Eps: 149376 | R:    3.297 | Len:   9.0 | PG:  -0.0316 | VF:   0.5308 | Ent:  4.269
Step  1,341,440 | Eps: 150518 | R:    3.015 | Len:   9.0 | PG:  -0.0229 | VF:   0.5177 | Ent:  4.160
Step  1,351,680 | Eps: 151662 | R:    3.508 | Len:   9.0 | PG:  -0.0243 | VF:   0.5443 | Ent:  4.124
Step  1,361,920 | Eps: 152803 | R:    2.809 | Len:   9.0 | PG:  -0.0258 | VF:   0.4509 | Ent:  4.161
Step  1,372,160 | Eps: 153944 | R:    3.071 | Len:   9.0 | PG:  -0.0133 | VF:   0.5962 | Ent:  4.230
Step  1,382,400 | Eps: 155086 | R:    3.258 | Len:   9.0 | PG:  -0.0251 | VF:   0.4963 | Ent:  4.344
Step  1,392,640 | Eps: 156228 | R:    3.301 | Len:   9.0 | PG:  -0.0266 | VF:   0.4870 | Ent:  4.156
Step  1,402,880 | Eps: 157369 | R:    3.644 | Len:   9.0 | PG:  -0.0330 | VF:   0.5860 | Ent:  4.130
Step  1,413,120 | Eps: 158508 | R:    3.229 | Len:   9.0 | PG:  -0.0210 | VF:   0.5619 | Ent:  4.373
Step  1,423,360 | Eps: 159650 | R:    3.206 | Len:   9.0 | PG:  -0.0284 | VF:   0.5872 | Ent:  4.369
Step  1,433,600 | Eps: 160792 | R:    3.655 | Len:   9.0 | PG:  -0.0304 | VF:   0.4995 | Ent:  4.315
Step  1,443,840 | Eps: 161935 | R:    3.252 | Len:   9.0 | PG:  -0.0208 | VF:   0.5579 | Ent:  4.193
Step  1,454,080 | Eps: 163076 | R:    3.121 | Len:   9.0 | PG:  -0.0231 | VF:   0.5340 | Ent:  4.473
Step  1,464,320 | Eps: 164217 | R:    3.340 | Len:   8.9 | PG:  -0.0356 | VF:   0.5322 | Ent:  4.172
Step  1,474,560 | Eps: 165359 | R:    3.439 | Len:   9.0 | PG:  -0.0334 | VF:   0.5168 | Ent:  4.306
Step  1,484,800 | Eps: 166500 | R:    3.702 | Len:   9.0 | PG:  -0.0272 | VF:   0.5263 | Ent:  4.304
Step  1,495,040 | Eps: 167643 | R:    3.873 | Len:   8.9 | PG:  -0.0313 | VF:   0.5407 | Ent:  4.297
Step  1,505,280 | Eps: 168783 | R:    3.778 | Len:   9.0 | PG:  -0.0272 | VF:   0.5254 | Ent:  4.249
Step  1,515,520 | Eps: 169922 | R:    3.788 | Len:   9.0 | PG:  -0.0240 | VF:   0.6362 | Ent:  4.184
Step  1,525,760 | Eps: 171064 | R:    3.048 | Len:   9.0 | PG:  -0.0254 | VF:   0.5015 | Ent:  4.359
Step  1,536,000 | Eps: 172204 | R:    3.559 | Len:   9.0 | PG:  -0.0226 | VF:   0.5482 | Ent:  4.089
Step  1,546,240 | Eps: 173343 | R:    3.983 | Len:   9.0 | PG:  -0.0255 | VF:   0.5733 | Ent:  4.184
Step  1,556,480 | Eps: 174484 | R:    3.618 | Len:   9.0 | PG:  -0.0280 | VF:   0.5449 | Ent:  4.180
Step  1,566,720 | Eps: 175626 | R:    3.166 | Len:   9.0 | PG:  -0.0261 | VF:   0.5619 | Ent:  4.054
Step  1,576,960 | Eps: 176767 | R:    3.470 | Len:   9.0 | PG:  -0.0245 | VF:   0.5974 | Ent:  4.163
Step  1,587,200 | Eps: 177910 | R:    3.685 | Len:   8.9 | PG:  -0.0245 | VF:   0.5704 | Ent:  3.999
Step  1,597,440 | Eps: 179052 | R:    3.741 | Len:   9.0 | PG:  -0.0185 | VF:   0.6240 | Ent:  3.959
Step  1,607,680 | Eps: 180196 | R:    3.708 | Len:   9.0 | PG:  -0.0302 | VF:   0.6009 | Ent:  3.920
Step  1,617,920 | Eps: 181335 | R:    3.580 | Len:   8.9 | PG:  -0.0319 | VF:   0.5182 | Ent:  3.952
Step  1,628,160 | Eps: 182477 | R:    3.470 | Len:   9.0 | PG:  -0.0304 | VF:   0.5577 | Ent:  3.893
Step  1,638,400 | Eps: 183616 | R:    3.343 | Len:   9.0 | PG:  -0.0299 | VF:   0.5171 | Ent:  4.046
Step  1,648,640 | Eps: 184759 | R:    3.691 | Len:   8.9 | PG:  -0.0253 | VF:   0.5978 | Ent:  3.986
Step  1,658,880 | Eps: 185897 | R:    3.528 | Len:   9.0 | PG:  -0.0313 | VF:   0.4576 | Ent:  4.044
Step  1,669,120 | Eps: 187037 | R:    3.643 | Len:   9.0 | PG:  -0.0233 | VF:   0.5204 | Ent:  4.049
Step  1,679,360 | Eps: 188178 | R:    3.680 | Len:   9.0 | PG:  -0.0169 | VF:   0.5629 | Ent:  4.135
Step  1,689,600 | Eps: 189319 | R:    3.916 | Len:   9.0 | PG:  -0.0317 | VF:   0.4989 | Ent:  4.006
Step  1,699,840 | Eps: 190460 | R:    3.814 | Len:   9.0 | PG:  -0.0120 | VF:   0.5411 | Ent:  4.212
Step  1,710,080 | Eps: 191600 | R:    3.258 | Len:   9.0 | PG:  -0.0235 | VF:   0.4758 | Ent:  4.240
Step  1,720,320 | Eps: 192741 | R:    3.489 | Len:   9.0 | PG:  -0.0347 | VF:   0.5099 | Ent:  4.198
Step  1,730,560 | Eps: 193881 | R:    3.773 | Len:   9.0 | PG:  -0.0285 | VF:   0.5511 | Ent:  4.072
Step  1,740,800 | Eps: 195024 | R:    3.712 | Len:   9.0 | PG:  -0.0253 | VF:   0.6387 | Ent:  4.152
Step  1,751,040 | Eps: 196167 | R:    3.671 | Len:   8.9 | PG:  -0.0326 | VF:   0.4999 | Ent:  4.045
Step  1,761,280 | Eps: 197313 | R:    3.148 | Len:   8.9 | PG:  -0.0274 | VF:   0.5477 | Ent:  4.184
Step  1,771,520 | Eps: 198456 | R:    3.548 | Len:   8.9 | PG:  -0.0299 | VF:   0.5160 | Ent:  4.090
Step  1,781,760 | Eps: 199603 | R:    3.503 | Len:   8.9 | PG:  -0.0263 | VF:   0.5778 | Ent:  4.153
Step  1,792,000 | Eps: 200749 | R:    3.759 | Len:   8.9 | PG:  -0.0174 | VF:   0.5910 | Ent:  3.961
Step  1,802,240 | Eps: 201896 | R:    3.382 | Len:   9.0 | PG:  -0.0262 | VF:   0.4832 | Ent:  3.998
Step  1,812,480 | Eps: 203043 | R:    3.425 | Len:   8.9 | PG:  -0.0309 | VF:   0.5060 | Ent:  4.015
Step  1,822,720 | Eps: 204187 | R:    3.511 | Len:   9.0 | PG:  -0.0281 | VF:   0.5377 | Ent:  3.978
Step  1,832,960 | Eps: 205327 | R:    3.550 | Len:   9.0 | PG:  -0.0247 | VF:   0.5316 | Ent:  4.058
Step  1,843,200 | Eps: 206469 | R:    3.801 | Len:   9.0 | PG:  -0.0311 | VF:   0.4850 | Ent:  3.995
Step  1,853,440 | Eps: 207608 | R:    3.844 | Len:   8.9 | PG:  -0.0154 | VF:   0.5597 | Ent:  4.002
Step  1,863,680 | Eps: 208749 | R:    3.673 | Len:   9.0 | PG:  -0.0217 | VF:   0.5607 | Ent:  4.172
Step  1,873,920 | Eps: 209889 | R:    3.905 | Len:   8.9 | PG:  -0.0326 | VF:   0.5165 | Ent:  4.187
Step  1,884,160 | Eps: 211031 | R:    3.893 | Len:   9.0 | PG:  -0.0210 | VF:   0.6303 | Ent:  4.010
Step  1,894,400 | Eps: 212170 | R:    4.035 | Len:   9.0 | PG:  -0.0272 | VF:   0.5191 | Ent:  4.017
Step  1,904,640 | Eps: 213309 | R:    3.895 | Len:   9.0 | PG:  -0.0268 | VF:   0.5313 | Ent:  3.982
Step  1,914,880 | Eps: 214449 | R:    3.683 | Len:   9.0 | PG:  -0.0255 | VF:   0.5558 | Ent:  4.071
Step  1,925,120 | Eps: 215589 | R:    4.273 | Len:   9.0 | PG:  -0.0304 | VF:   0.4924 | Ent:  3.908
Step  1,935,360 | Eps: 216726 | R:    3.771 | Len:   9.0 | PG:  -0.0297 | VF:   0.5051 | Ent:  4.086
Step  1,945,600 | Eps: 217868 | R:    4.108 | Len:   8.9 | PG:  -0.0243 | VF:   0.5442 | Ent:  3.940
Step  1,955,840 | Eps: 219006 | R:    3.609 | Len:   9.0 | PG:  -0.0342 | VF:   0.5289 | Ent:  3.738
Step  1,966,080 | Eps: 220145 | R:    3.300 | Len:   9.0 | PG:  -0.0283 | VF:   0.5640 | Ent:  3.801
Step  1,976,320 | Eps: 221285 | R:    3.188 | Len:   9.0 | PG:  -0.0275 | VF:   0.5552 | Ent:  4.089
Step  1,986,560 | Eps: 222425 | R:    3.582 | Len:   9.0 | PG:  -0.0285 | VF:   0.4889 | Ent:  4.011
Step  1,996,800 | Eps: 223565 | R:    3.779 | Len:   8.9 | PG:  -0.0222 | VF:   0.5995 | Ent:  3.998
  ** Milestone checkpoint saved: 2,000,000 steps

Training complete: 2,000,896 steps, 224021 episodes
