
Starting training for 2,000,000 timesteps...
Setting up PPO trainer: v2_full_run1
  reward_mode=v2_full, n_envs=8
  ERGO loaded
  ESM-2 loaded (dim=1280)
  TCR pool: 7280430 seqs, L0 targets=['GILGFVFTL', 'NLVPMVATV', 'GLCTLVAML', 'YLQPRTFLL', 'SLYNTVATL'], L1 targets=['IVTDFSVIK', 'GILGFVFTL', 'NLVPMVATV', 'LLWNGPMAV', 'GLCTLVAML', 'SLYNTVATL', 'FLYALALLL', 'KLGGALQAK', 'AVFDRKSDAK', 'SPRWYFYYL', 'YLQPRTFLL', 'RLRAEAQVK']
  Decoy scorer loaded (K=8)
  Naturalness scorer loaded
  Diversity scorer loaded
  VecEnv: 8 envs, obs_dim=2562
  Policy: 2,008,852 parameters
Step     10,240 | Eps:   2009 | R:    0.635 | Len:   5.0 | PG:  -0.0183 | VF:   5.4705 | Ent:  5.189
Step     20,480 | Eps:   4092 | R:    0.188 | Len:   4.8 | PG:  -0.0318 | VF:   4.1979 | Ent:  4.843
Step     30,720 | Eps:   6285 | R:    0.602 | Len:   5.1 | PG:  -0.0211 | VF:   6.7196 | Ent:  4.797
Step     40,960 | Eps:   8292 | R:   -0.093 | Len:   5.1 | PG:  -0.0194 | VF:   6.7951 | Ent:  4.783
Step     51,200 | Eps:  10264 | R:   -0.224 | Len:   5.0 | PG:  -0.0213 | VF:   6.7779 | Ent:  4.666
Step     61,440 | Eps:  12224 | R:   -0.230 | Len:   5.5 | PG:  -0.0169 | VF:   6.1394 | Ent:  4.884
Step     71,680 | Eps:  14296 | R:    0.081 | Len:   5.3 | PG:  -0.0148 | VF:   5.6071 | Ent:  4.652
Step     81,920 | Eps:  16266 | R:    0.726 | Len:   5.3 | PG:  -0.0083 | VF:   8.1862 | Ent:  4.554
Step     92,160 | Eps:  18334 | R:   -0.943 | Len:   4.3 | PG:  -0.0178 | VF:   4.0632 | Ent:  4.440
Step    102,400 | Eps:  20457 | R:    0.150 | Len:   4.6 | PG:  -0.0147 | VF:   6.4572 | Ent:  4.455
Step    112,640 | Eps:  22758 | R:    0.864 | Len:   4.4 | PG:  -0.0194 | VF:   5.8654 | Ent:  4.385
Step    122,880 | Eps:  24886 | R:    0.357 | Len:   5.3 | PG:  -0.0233 | VF:   7.2275 | Ent:  4.479
Step    133,120 | Eps:  26963 | R:   -0.500 | Len:   5.0 | PG:  -0.0149 | VF:   8.7051 | Ent:  4.567
Step    143,360 | Eps:  28964 | R:   -0.477 | Len:   5.1 | PG:  -0.0149 | VF:   5.6606 | Ent:  4.485
Step    153,600 | Eps:  31017 | R:   -0.425 | Len:   4.8 | PG:  -0.0055 | VF:   8.1351 | Ent:  4.340
Step    163,840 | Eps:  32888 | R:   -0.241 | Len:   5.7 | PG:  -0.0131 | VF:   6.6717 | Ent:  4.618
Step    174,080 | Eps:  34846 | R:   -0.646 | Len:   5.0 | PG:  -0.0179 | VF:   5.7340 | Ent:  4.311
Step    184,320 | Eps:  36902 | R:   -0.049 | Len:   4.7 | PG:  -0.0180 | VF:   6.9377 | Ent:  4.545
Step    194,560 | Eps:  38957 | R:   -0.000 | Len:   4.7 | PG:  -0.0146 | VF:   6.4551 | Ent:  4.346
Step    204,800 | Eps:  41052 | R:   -0.466 | Len:   4.7 | PG:  -0.0067 | VF:   6.2627 | Ent:  4.400
Step    215,040 | Eps:  43107 | R:   -0.989 | Len:   4.3 | PG:  -0.0222 | VF:   6.6871 | Ent:  4.423
Step    225,280 | Eps:  45212 | R:    0.453 | Len:   4.6 | PG:  -0.0071 | VF:   9.0171 | Ent:  4.342
Step    235,520 | Eps:  47360 | R:    0.003 | Len:   4.7 | PG:  -0.0205 | VF:   5.2771 | Ent:  4.362
Step    245,760 | Eps:  49493 | R:    0.237 | Len:   4.6 | PG:  -0.0197 | VF:   6.1638 | Ent:  4.253
Step    256,000 | Eps:  51586 | R:    0.082 | Len:   4.8 | PG:  -0.0096 | VF:   6.2315 | Ent:  4.430
Step    266,240 | Eps:  53850 | R:   -0.093 | Len:   4.5 | PG:  -0.0243 | VF:   5.7699 | Ent:  4.469
Step    276,480 | Eps:  56184 | R:   -0.541 | Len:   4.3 | PG:  -0.0161 | VF:   5.2308 | Ent:  4.503
Step    286,720 | Eps:  58274 | R:   -0.324 | Len:   5.1 | PG:  -0.0081 | VF:   5.2603 | Ent:  4.735
Step    296,960 | Eps:  60435 | R:   -0.740 | Len:   4.7 | PG:  -0.0150 | VF:   5.6562 | Ent:  4.567
Step    307,200 | Eps:  62526 | R:    0.298 | Len:   5.0 | PG:  -0.0132 | VF:   5.1339 | Ent:  4.470
Step    317,440 | Eps:  64691 | R:    0.519 | Len:   4.9 | PG:  -0.0074 | VF:   6.8187 | Ent:  4.465
Step    327,680 | Eps:  66941 | R:   -0.088 | Len:   4.1 | PG:  -0.0150 | VF:   5.0153 | Ent:  3.993
Step    337,920 | Eps:  69212 | R:    0.274 | Len:   4.5 | PG:   0.0137 | VF:   8.0404 | Ent:  4.409
Step    348,160 | Eps:  71526 | R:   -0.229 | Len:   4.0 | PG:  -0.0115 | VF:   4.2128 | Ent:  4.287
Step    358,400 | Eps:  73865 | R:   -0.127 | Len:   4.3 | PG:  -0.0028 | VF:   6.0085 | Ent:  4.203
Step    368,640 | Eps:  76144 | R:    0.604 | Len:   4.7 | PG:  -0.0079 | VF:   8.1756 | Ent:  3.881
Step    378,880 | Eps:  78512 | R:   -0.658 | Len:   4.2 | PG:  -0.0110 | VF:   5.3063 | Ent:  4.007
Step    389,120 | Eps:  81078 | R:    0.262 | Len:   3.9 | PG:  -0.0070 | VF:   6.6721 | Ent:  3.903
Step    399,360 | Eps:  83624 | R:   -0.176 | Len:   4.0 | PG:  -0.0213 | VF:   6.4834 | Ent:  4.081
Step    409,600 | Eps:  86202 | R:    1.028 | Len:   4.1 | PG:   0.0037 | VF:   5.3451 | Ent:  3.923
Step    419,840 | Eps:  88759 | R:    0.631 | Len:   4.2 | PG:   0.0072 | VF:   6.0953 | Ent:  3.920
Step    430,080 | Eps:  91085 | R:    0.906 | Len:   4.7 | PG:  -0.0129 | VF:   7.0166 | Ent:  4.125
Step    440,320 | Eps:  93552 | R:   -0.236 | Len:   3.7 | PG:  -0.0128 | VF:   4.8710 | Ent:  3.849
Step    450,560 | Eps:  96043 | R:    0.340 | Len:   4.3 | PG:  -0.0214 | VF:   5.6056 | Ent:  3.939
Step    460,800 | Eps:  98534 | R:    0.152 | Len:   4.6 | PG:  -0.0203 | VF:   5.5153 | Ent:  3.976
Step    471,040 | Eps: 100837 | R:   -0.765 | Len:   4.6 | PG:  -0.0159 | VF:   4.5242 | Ent:  4.353
Step    481,280 | Eps: 103140 | R:    0.374 | Len:   4.5 | PG:  -0.0091 | VF:   7.3317 | Ent:  3.991
Step    491,520 | Eps: 105568 | R:    0.531 | Len:   4.0 | PG:  -0.0130 | VF:   6.2240 | Ent:  4.111
  ** Milestone checkpoint saved: 500,000 steps
Step    501,760 | Eps: 108073 | R:   -0.213 | Len:   3.9 | PG:  -0.0121 | VF:   5.9880 | Ent:  3.927
Step    512,000 | Eps: 110471 | R:    1.460 | Len:   4.9 | PG:  -0.0242 | VF:   4.7569 | Ent:  4.199
Step    522,240 | Eps: 112832 | R:   -0.072 | Len:   4.4 | PG:  -0.0164 | VF:   7.0592 | Ent:  4.271
Step    532,480 | Eps: 115109 | R:   -1.072 | Len:   4.0 | PG:  -0.0012 | VF:   7.7737 | Ent:  4.096
Step    542,720 | Eps: 117468 | R:   -0.227 | Len:   4.2 | PG:  -0.0131 | VF:   5.3607 | Ent:  4.202
Step    552,960 | Eps: 119824 | R:   -0.484 | Len:   4.4 | PG:  -0.0190 | VF:   5.2873 | Ent:  4.123
Step    563,200 | Eps: 122348 | R:    0.026 | Len:   4.2 | PG:  -0.0162 | VF:   6.4800 | Ent:  3.815
Step    573,440 | Eps: 124803 | R:   -0.107 | Len:   4.2 | PG:  -0.0155 | VF:   6.0832 | Ent:  4.048
Step    583,680 | Eps: 127180 | R:   -0.460 | Len:   4.4 | PG:  -0.0132 | VF:   5.8401 | Ent:  3.986
Step    593,920 | Eps: 129623 | R:    0.449 | Len:   4.3 | PG:  -0.0123 | VF:   6.2762 | Ent:  3.894
Step    604,160 | Eps: 132106 | R:    0.508 | Len:   4.4 | PG:   0.0066 | VF:   4.8966 | Ent:  4.075
Step    614,400 | Eps: 134560 | R:    0.188 | Len:   4.0 | PG:  -0.0106 | VF:   5.5400 | Ent:  3.978
Step    624,640 | Eps: 137072 | R:   -0.058 | Len:   4.1 | PG:  -0.0084 | VF:   5.9471 | Ent:  3.944
Step    634,880 | Eps: 139574 | R:   -0.495 | Len:   3.8 | PG:  -0.0161 | VF:   3.9007 | Ent:  3.944
Step    645,120 | Eps: 142058 | R:   -0.552 | Len:   4.0 | PG:  -0.0206 | VF:   6.0432 | Ent:  4.026
Step    655,360 | Eps: 144483 | R:    0.148 | Len:   4.2 | PG:  -0.0172 | VF:   7.2044 | Ent:  3.887
Step    665,600 | Eps: 146891 | R:    1.253 | Len:   4.8 | PG:  -0.0139 | VF:   7.1986 | Ent:  4.056
Step    675,840 | Eps: 149178 | R:    0.616 | Len:   5.1 | PG:  -0.0116 | VF:   6.4647 | Ent:  4.011
Step    686,080 | Eps: 151599 | R:    1.088 | Len:   4.4 | PG:  -0.0068 | VF:   6.5672 | Ent:  3.747
Step    696,320 | Eps: 154049 | R:   -0.648 | Len:   4.2 | PG:  -0.0027 | VF:   5.0600 | Ent:  3.933
Step    706,560 | Eps: 156527 | R:    0.602 | Len:   4.4 | PG:  -0.0091 | VF:   5.7069 | Ent:  3.769
Step    716,800 | Eps: 158959 | R:   -0.145 | Len:   4.0 | PG:  -0.0062 | VF:   5.0739 | Ent:  3.696
Step    727,040 | Eps: 161534 | R:   -0.787 | Len:   3.6 | PG:  -0.0170 | VF:   4.8391 | Ent:  3.714
Step    737,280 | Eps: 164024 | R:    0.392 | Len:   4.3 | PG:  -0.0028 | VF:   6.0838 | Ent:  3.815
Step    747,520 | Eps: 166624 | R:   -1.190 | Len:   3.5 | PG:  -0.0143 | VF:   6.7101 | Ent:  3.729
Step    757,760 | Eps: 169237 | R:    0.513 | Len:   4.1 | PG:  -0.0166 | VF:   6.6023 | Ent:  3.783
Step    768,000 | Eps: 171727 | R:    0.351 | Len:   4.3 | PG:  -0.0157 | VF:   5.8141 | Ent:  3.782
Step    778,240 | Eps: 174135 | R:   -0.078 | Len:   4.5 | PG:  -0.0182 | VF:   6.1872 | Ent:  3.963
Step    788,480 | Eps: 176452 | R:   -0.135 | Len:   4.6 | PG:  -0.0031 | VF:   5.0584 | Ent:  4.204
Step    798,720 | Eps: 179012 | R:    0.377 | Len:   4.1 | PG:  -0.0052 | VF:   6.7289 | Ent:  4.016
Step    808,960 | Eps: 181485 | R:    0.434 | Len:   4.2 | PG:  -0.0159 | VF:   5.6070 | Ent:  3.784
Step    819,200 | Eps: 183984 | R:   -0.169 | Len:   3.7 | PG:  -0.0022 | VF:   5.2365 | Ent:  3.804
Step    829,440 | Eps: 186367 | R:    0.369 | Len:   4.0 | PG:  -0.0118 | VF:   7.2094 | Ent:  3.771
Step    839,680 | Eps: 188824 | R:   -0.931 | Len:   3.7 | PG:  -0.0101 | VF:   5.9631 | Ent:  3.719
Step    849,920 | Eps: 191332 | R:   -0.303 | Len:   4.0 | PG:  -0.0025 | VF:   5.8998 | Ent:  3.770
Step    860,160 | Eps: 193846 | R:    0.167 | Len:   4.3 | PG:  -0.0123 | VF:   6.0443 | Ent:  3.797
Step    870,400 | Eps: 196328 | R:   -0.805 | Len:   4.0 | PG:  -0.0189 | VF:   6.7916 | Ent:  3.740
Step    880,640 | Eps: 198839 | R:   -0.861 | Len:   3.6 | PG:  -0.0050 | VF:   5.4001 | Ent:  3.707
Step    890,880 | Eps: 201260 | R:   -0.968 | Len:   3.9 | PG:  -0.0071 | VF:   5.6993 | Ent:  3.961
Step    901,120 | Eps: 203680 | R:    0.394 | Len:   4.4 | PG:   0.0035 | VF:   5.5748 | Ent:  3.921
Step    911,360 | Eps: 206142 | R:   -0.269 | Len:   4.2 | PG:  -0.0030 | VF:   5.6581 | Ent:  4.002
Step    921,600 | Eps: 208611 | R:    0.107 | Len:   3.9 | PG:  -0.0075 | VF:   6.0025 | Ent:  3.724
Step    931,840 | Eps: 211163 | R:    0.952 | Len:   4.4 | PG:  -0.0157 | VF:   6.0102 | Ent:  3.681
Step    942,080 | Eps: 213695 | R:    0.435 | Len:   4.5 | PG:  -0.0052 | VF:   4.8791 | Ent:  3.626
Step    952,320 | Eps: 216216 | R:   -0.329 | Len:   3.6 | PG:  -0.0032 | VF:   4.9422 | Ent:  3.670
Step    962,560 | Eps: 218739 | R:    0.698 | Len:   4.2 | PG:  -0.0142 | VF:   4.7641 | Ent:  3.667
Step    972,800 | Eps: 221234 | R:   -0.568 | Len:   4.1 | PG:  -0.0131 | VF:   5.1377 | Ent:  3.595
Step    983,040 | Eps: 223755 | R:    0.488 | Len:   4.3 | PG:  -0.0008 | VF:   6.3322 | Ent:  3.720
Step    993,280 | Eps: 226169 | R:   -0.285 | Len:   4.2 | PG:  -0.0097 | VF:   5.1687 | Ent:  3.755
  ** Milestone checkpoint saved: 1,000,000 steps
Step  1,003,520 | Eps: 228671 | R:   -0.252 | Len:   3.8 | PG:  -0.0174 | VF:   4.2753 | Ent:  3.636
Step  1,013,760 | Eps: 231361 | R:    0.046 | Len:   3.8 | PG:  -0.0147 | VF:   4.0187 | Ent:  3.544
Step  1,024,000 | Eps: 233951 | R:   -0.602 | Len:   4.3 | PG:   0.0084 | VF:   6.2894 | Ent:  4.093
Step  1,034,240 | Eps: 236430 | R:    0.168 | Len:   4.0 | PG:  -0.0087 | VF:   5.4189 | Ent:  4.048
Step  1,044,480 | Eps: 238969 | R:    1.069 | Len:   4.0 | PG:  -0.0071 | VF:   6.0715 | Ent:  3.644
Step  1,054,720 | Eps: 241505 | R:    0.701 | Len:   4.2 | PG:  -0.0127 | VF:   5.8995 | Ent:  3.852
Step  1,064,960 | Eps: 244049 | R:   -0.730 | Len:   4.1 | PG:  -0.0148 | VF:   6.1183 | Ent:  3.820
Step  1,075,200 | Eps: 246557 | R:   -0.580 | Len:   3.8 | PG:  -0.0010 | VF:   5.4391 | Ent:  3.919
Step  1,085,440 | Eps: 248981 | R:    0.089 | Len:   4.3 | PG:  -0.0122 | VF:   6.4174 | Ent:  3.730
Step  1,095,680 | Eps: 251507 | R:    0.503 | Len:   4.3 | PG:  -0.0102 | VF:   6.5367 | Ent:  3.645
Step  1,105,920 | Eps: 253975 | R:   -0.451 | Len:   4.1 | PG:  -0.0092 | VF:   4.9122 | Ent:  3.961
Step  1,116,160 | Eps: 256397 | R:    0.507 | Len:   4.2 | PG:  -0.0011 | VF:   4.7761 | Ent:  3.661
Step  1,126,400 | Eps: 258921 | R:    0.064 | Len:   4.2 | PG:   0.0135 | VF:   5.0198 | Ent:  3.745
Step  1,136,640 | Eps: 261402 | R:   -0.413 | Len:   4.2 | PG:  -0.0077 | VF:   5.5451 | Ent:  3.647
Step  1,146,880 | Eps: 263969 | R:   -0.380 | Len:   4.0 | PG:   0.0097 | VF:   5.4891 | Ent:  3.434
Step  1,157,120 | Eps: 266575 | R:   -0.114 | Len:   4.1 | PG:  -0.0135 | VF:   5.3751 | Ent:  3.581
Step  1,167,360 | Eps: 268982 | R:    0.160 | Len:   4.4 | PG:   0.0029 | VF:   5.4960 | Ent:  3.803
Step  1,177,600 | Eps: 271411 | R:   -0.513 | Len:   4.1 | PG:  -0.0078 | VF:   5.9812 | Ent:  3.807
Step  1,187,840 | Eps: 273829 | R:    1.384 | Len:   4.7 | PG:  -0.0033 | VF:   6.4834 | Ent:  3.554
Step  1,198,080 | Eps: 276273 | R:    1.079 | Len:   4.6 | PG:  -0.0177 | VF:   6.1592 | Ent:  3.485
Step  1,208,320 | Eps: 278826 | R:   -1.171 | Len:   3.7 | PG:  -0.0081 | VF:   5.6683 | Ent:  3.569
Step  1,218,560 | Eps: 281342 | R:   -0.071 | Len:   4.1 | PG:  -0.0015 | VF:   5.3959 | Ent:  3.639
Step  1,228,800 | Eps: 283719 | R:    0.226 | Len:   4.6 | PG:  -0.0044 | VF:   5.6904 | Ent:  3.388
Step  1,239,040 | Eps: 286075 | R:    0.670 | Len:   4.6 | PG:  -0.0053 | VF:   6.1165 | Ent:  3.571
Step  1,249,280 | Eps: 288469 | R:   -0.186 | Len:   4.3 | PG:  -0.0077 | VF:   4.7273 | Ent:  3.693
Step  1,259,520 | Eps: 290785 | R:    0.021 | Len:   4.4 | PG:  -0.0133 | VF:   4.6984 | Ent:  3.776
Step  1,269,760 | Eps: 293239 | R:    0.096 | Len:   4.2 | PG:   0.0086 | VF:   6.0036 | Ent:  3.720
Step  1,280,000 | Eps: 295732 | R:    0.077 | Len:   4.2 | PG:  -0.0092 | VF:   3.8722 | Ent:  3.674
Step  1,290,240 | Eps: 298217 | R:   -0.072 | Len:   3.8 | PG:  -0.0044 | VF:   5.5566 | Ent:  3.659
Step  1,300,480 | Eps: 300619 | R:   -0.491 | Len:   4.6 | PG:  -0.0113 | VF:   6.4269 | Ent:  3.873
Step  1,310,720 | Eps: 303008 | R:    0.876 | Len:   4.8 | PG:   0.0085 | VF:   5.7926 | Ent:  3.466
Step  1,320,960 | Eps: 305406 | R:   -0.217 | Len:   4.0 | PG:  -0.0078 | VF:   4.8338 | Ent:  3.389
Step  1,331,200 | Eps: 307813 | R:    0.034 | Len:   4.3 | PG:  -0.0007 | VF:   5.4192 | Ent:  3.549
Step  1,341,440 | Eps: 310290 | R:    1.080 | Len:   4.5 | PG:   0.0124 | VF:   6.1073 | Ent:  3.187
Step  1,351,680 | Eps: 312842 | R:   -0.501 | Len:   3.9 | PG:  -0.0114 | VF:   4.7331 | Ent:  3.501
Step  1,361,920 | Eps: 315273 | R:    0.068 | Len:   4.1 | PG:  -0.0087 | VF:   5.2944 | Ent:  3.544
Step  1,372,160 | Eps: 317743 | R:   -0.904 | Len:   4.1 | PG:  -0.0055 | VF:   4.9748 | Ent:  3.408
Step  1,382,400 | Eps: 320202 | R:    0.158 | Len:   4.1 | PG:  -0.0113 | VF:   5.6986 | Ent:  3.406
Step  1,392,640 | Eps: 322724 | R:   -0.501 | Len:   4.1 | PG:  -0.0078 | VF:   4.2607 | Ent:  3.556
Step  1,402,880 | Eps: 325233 | R:    0.244 | Len:   4.3 | PG:  -0.0137 | VF:   4.7978 | Ent:  3.551
Step  1,413,120 | Eps: 327798 | R:    0.821 | Len:   4.0 | PG:  -0.0054 | VF:   4.1914 | Ent:  3.585
Step  1,423,360 | Eps: 330240 | R:    0.088 | Len:   4.3 | PG:  -0.0037 | VF:   5.0939 | Ent:  3.501
Step  1,433,600 | Eps: 332655 | R:    1.249 | Len:   4.7 | PG:  -0.0049 | VF:   4.4740 | Ent:  3.742
Step  1,443,840 | Eps: 335051 | R:   -0.043 | Len:   4.2 | PG:  -0.0060 | VF:   4.9181 | Ent:  3.455
Step  1,454,080 | Eps: 337455 | R:   -0.820 | Len:   4.0 | PG:  -0.0232 | VF:   4.5636 | Ent:  3.347
Step  1,464,320 | Eps: 339913 | R:   -0.415 | Len:   4.2 | PG:   0.0015 | VF:   5.5582 | Ent:  3.354
Step  1,474,560 | Eps: 342417 | R:    0.246 | Len:   4.2 | PG:  -0.0048 | VF:   4.6871 | Ent:  3.408
Step  1,484,800 | Eps: 344894 | R:   -0.043 | Len:   4.0 | PG:   0.0035 | VF:   3.7838 | Ent:  3.620
Step  1,495,040 | Eps: 347416 | R:   -0.433 | Len:   3.8 | PG:  -0.0052 | VF:   4.7231 | Ent:  3.585
Step  1,505,280 | Eps: 349965 | R:   -0.104 | Len:   4.0 | PG:  -0.0129 | VF:   4.0134 | Ent:  3.481
Step  1,515,520 | Eps: 352572 | R:   -0.609 | Len:   4.0 | PG:   0.0085 | VF:   5.9627 | Ent:  3.572
Step  1,525,760 | Eps: 355065 | R:    0.649 | Len:   4.3 | PG:  -0.0038 | VF:   4.4442 | Ent:  3.513
Step  1,536,000 | Eps: 357566 | R:    0.563 | Len:   4.8 | PG:  -0.0082 | VF:   5.2060 | Ent:  3.740
Step  1,546,240 | Eps: 359927 | R:   -0.323 | Len:   4.4 | PG:   0.0055 | VF:   5.0450 | Ent:  3.864
Step  1,556,480 | Eps: 362351 | R:    0.835 | Len:   4.5 | PG:  -0.0077 | VF:   4.7936 | Ent:  3.869
Step  1,566,720 | Eps: 364806 | R:    0.039 | Len:   4.4 | PG:  -0.0063 | VF:   5.1409 | Ent:  3.796
Step  1,576,960 | Eps: 367251 | R:   -0.945 | Len:   4.2 | PG:  -0.0104 | VF:   5.1898 | Ent:  4.045
Step  1,587,200 | Eps: 369741 | R:   -0.765 | Len:   4.0 | PG:  -0.0138 | VF:   5.0325 | Ent:  3.795
Step  1,597,440 | Eps: 372247 | R:    0.354 | Len:   4.4 | PG:  -0.0102 | VF:   4.9126 | Ent:  3.624
Step  1,607,680 | Eps: 374669 | R:    0.323 | Len:   4.3 | PG:  -0.0026 | VF:   5.0568 | Ent:  3.673
Step  1,617,920 | Eps: 377119 | R:    0.329 | Len:   4.5 | PG:   0.0039 | VF:   5.4522 | Ent:  3.509
Step  1,628,160 | Eps: 379636 | R:   -0.168 | Len:   3.8 | PG:  -0.0066 | VF:   3.0210 | Ent:  3.611
Step  1,638,400 | Eps: 382144 | R:   -0.357 | Len:   4.2 | PG:  -0.0191 | VF:   4.4805 | Ent:  3.585
Step  1,648,640 | Eps: 384583 | R:    0.444 | Len:   4.4 | PG:   0.0028 | VF:   5.2358 | Ent:  3.596
Step  1,658,880 | Eps: 386987 | R:   -0.480 | Len:   4.2 | PG:   0.0045 | VF:   4.4133 | Ent:  3.591
Step  1,669,120 | Eps: 389444 | R:    0.384 | Len:   4.0 | PG:  -0.0008 | VF:   3.6906 | Ent:  3.626
Step  1,679,360 | Eps: 391893 | R:    0.086 | Len:   4.2 | PG:  -0.0189 | VF:   3.7461 | Ent:  3.653
Step  1,689,600 | Eps: 394365 | R:    0.283 | Len:   3.9 | PG:  -0.0107 | VF:   4.2202 | Ent:  3.778
Step  1,699,840 | Eps: 396778 | R:   -0.411 | Len:   4.0 | PG:  -0.0055 | VF:   4.9037 | Ent:  3.703
Step  1,710,080 | Eps: 399298 | R:    0.501 | Len:   4.5 | PG:  -0.0152 | VF:   4.4387 | Ent:  3.604
Step  1,720,320 | Eps: 401824 | R:   -0.227 | Len:   4.0 | PG:  -0.0147 | VF:   4.4729 | Ent:  3.681
Step  1,730,560 | Eps: 404249 | R:    0.403 | Len:   4.7 | PG:  -0.0007 | VF:   5.2963 | Ent:  3.705
Step  1,740,800 | Eps: 406682 | R:   -0.301 | Len:   4.2 | PG:  -0.0069 | VF:   4.1663 | Ent:  3.468
Step  1,751,040 | Eps: 409143 | R:   -0.192 | Len:   4.0 | PG:  -0.0211 | VF:   4.2941 | Ent:  3.409
Step  1,761,280 | Eps: 411620 | R:   -0.457 | Len:   4.4 | PG:  -0.0078 | VF:   5.3862 | Ent:  3.395
Step  1,771,520 | Eps: 414060 | R:    0.064 | Len:   3.9 | PG:  -0.0165 | VF:   3.9096 | Ent:  3.260
Step  1,781,760 | Eps: 416545 | R:   -0.247 | Len:   4.2 | PG:  -0.0063 | VF:   3.7726 | Ent:  3.738
Step  1,792,000 | Eps: 419124 | R:    0.920 | Len:   4.2 | PG:  -0.0054 | VF:   5.0563 | Ent:  3.531
Step  1,802,240 | Eps: 421665 | R:    0.712 | Len:   4.3 | PG:   0.0017 | VF:   4.6377 | Ent:  3.578
Step  1,812,480 | Eps: 424153 | R:    0.353 | Len:   3.9 | PG:  -0.0220 | VF:   4.0004 | Ent:  3.610
Step  1,822,720 | Eps: 426776 | R:   -0.468 | Len:   3.8 | PG:  -0.0139 | VF:   3.9927 | Ent:  3.619
Step  1,832,960 | Eps: 429250 | R:   -0.063 | Len:   4.1 | PG:  -0.0045 | VF:   5.9601 | Ent:  3.373
Step  1,843,200 | Eps: 431635 | R:   -0.796 | Len:   4.1 | PG:   0.0024 | VF:   5.4169 | Ent:  3.535
Step  1,853,440 | Eps: 434086 | R:   -0.205 | Len:   4.0 | PG:  -0.0123 | VF:   4.0309 | Ent:  3.331
Step  1,863,680 | Eps: 436543 | R:   -0.558 | Len:   4.2 | PG:  -0.0104 | VF:   4.3438 | Ent:  3.573
Step  1,873,920 | Eps: 439016 | R:   -0.503 | Len:   4.0 | PG:  -0.0032 | VF:   3.6201 | Ent:  3.577
Step  1,884,160 | Eps: 441515 | R:    0.062 | Len:   4.1 | PG:  -0.0104 | VF:   4.2921 | Ent:  3.606
Step  1,894,400 | Eps: 444000 | R:   -0.506 | Len:   4.2 | PG:  -0.0107 | VF:   4.3984 | Ent:  3.391
Step  1,904,640 | Eps: 446459 | R:   -0.259 | Len:   4.4 | PG:   0.0108 | VF:   5.3518 | Ent:  3.753
Step  1,914,880 | Eps: 448958 | R:   -0.159 | Len:   4.2 | PG:  -0.0071 | VF:   5.5017 | Ent:  3.565
Step  1,925,120 | Eps: 451405 | R:   -0.400 | Len:   4.0 | PG:   0.0094 | VF:   5.4265 | Ent:  3.566
Step  1,935,360 | Eps: 453852 | R:   -1.034 | Len:   4.5 | PG:  -0.0090 | VF:   5.5829 | Ent:  3.662
Step  1,945,600 | Eps: 456297 | R:    0.134 | Len:   4.0 | PG:  -0.0103 | VF:   4.7976 | Ent:  3.516
Step  1,955,840 | Eps: 458772 | R:   -0.000 | Len:   4.1 | PG:  -0.0085 | VF:   4.0485 | Ent:  3.528
Step  1,966,080 | Eps: 461187 | R:   -0.756 | Len:   4.2 | PG:  -0.0074 | VF:   5.2163 | Ent:  3.532
Step  1,976,320 | Eps: 463724 | R:    0.783 | Len:   3.9 | PG:  -0.0133 | VF:   4.2868 | Ent:  3.580
Step  1,986,560 | Eps: 466246 | R:   -0.106 | Len:   3.8 | PG:  -0.0108 | VF:   4.0218 | Ent:  3.625
Step  1,996,800 | Eps: 468782 | R:   -0.041 | Len:   4.0 | PG:  -0.0065 | VF:   4.2291 | Ent:  3.548
  ** Milestone checkpoint saved: 2,000,000 steps

Training complete: 2,000,896 steps, 469727 episodes
